#
# A fatal error has been detected by the Java Runtime Environment:
#
#  EXCEPTION_ACCESS_VIOLATION (0xc0000005) at pc=0x000002834e754c24, pid=24252, tid=11072
#
# JRE version: Java(TM) SE Runtime Environment (18.0.2+9) (build 18.0.2+9-61)
# Java VM: Java HotSpot(TM) 64-Bit Server VM (18.0.2+9-61, mixed mode, emulated-client, sharing, tiered, compressed oops, compressed class ptrs, g1 gc, windows-amd64)
# Problematic frame:
# v  ~BufferBlob::MethodHandles adapters
#
# No core dump will be written. Minidumps are not enabled by default on client versions of Windows
#
# If you would like to submit a bug report, please visit:
#   https://bugreport.java.com/bugreport/crash.jsp
#

---------------  S U M M A R Y ------------

Command Line: -XX:+ShowCodeDetailsInExceptionMessages -agentlib:jdwp=transport=dt_socket,suspend=y,address=localhost:51349 -Dcom.sun.management.jmxremote -Dcom.sun.management.jmxremote.port=51348 -Dcom.sun.management.jmxremote.authenticate=false -Dcom.sun.management.jmxremote.ssl=false -Djava.rmi.server.hostname=localhost -Dspring.jmx.enabled=true -Dmanagement.endpoints.jmx.exposure.include=* -Dspring.application.admin.enabled=true -XX:TieredStopAtLevel=1 -Dspring.boot.project.name=TaskScreen -javaagent:C:\Users\shubham.sharma\eclipse\jee-2023-06\eclipse\configuration\org.eclipse.osgi\430\0\.cp\lib\javaagent-shaded.jar -Dfile.encoding=UTF-8 com.screen.TaskScreenApplication --spring.output.ansi.enabled=always

Host: Intel(R) Core(TM) i5-10210U CPU @ 1.60GHz, 8 cores, 15G,  Windows 10 , 64 bit Build 19041 (10.0.19041.3393)
Time: Thu Oct 12 12:58:54 2023 India Standard Time elapsed time: 1064.281322 seconds (0d 0h 17m 44s)

---------------  T H R E A D  ---------------

Current thread (0x0000028364f507b0):  JavaThread "http-nio-8083-exec-4" daemon [_thread_in_Java, id=11072, stack(0x000000b605c00000,0x000000b605d00000)]

Stack: [0x000000b605c00000,0x000000b605d00000],  sp=0x000000b605cfb608,  free space=1005k
Native frames: (J=compiled Java code, j=interpreted, Vv=VM code, C=native code)
C  0x000002834e754c24


siginfo: EXCEPTION_ACCESS_VIOLATION (0xc0000005), reading address 0x000000085e60d073


Register to memory mapping:

RIP=0x000002834e754c24 is at begin+65 in a stub
MethodHandle::interpreter_entry::_linkToVirtual [0x000002834e754be3, 0x000002834e754c4a] (103 bytes)
RAX=0x000002834e70a304 is at code_begin+4516 in an Interpreter codelet
return entry points  [0x000002834e709160, 0x000002834e70b0a0]  8000 bytes
RBX=0x00000007051063d8 is an oop: com.screen.model.UserRegisterDto 
{0x00000007051063d8} - klass: 'com/screen/model/UserRegisterDto'
 - ---- fields (total size 4 words):
 - private 'firstName' 'Ljava/lang/String;' @12  NULL (0)
 - private 'lastName' 'Ljava/lang/String;' @16  NULL (0)
 - private 'email' 'Ljava/lang/String;' @20  NULL (0)
 - private 'password' 'Ljava/lang/String;' @24  NULL (0)
RCX=0x000000b605cfb618 is pointing into the stack for thread: 0x0000028364f507b0
RDX=0x0000000000000003 is an unknown value
RSP=0x000000b605cfb608 is pointing into the stack for thread: 0x0000028364f507b0
RBP=0x000000b605cfb660 is pointing into the stack for thread: 0x0000028364f507b0
RSI=0x00000283659edaa8 points into unknown readable memory: 0x80000700931e4af5 | f5 4a 1e 93 00 07 00 80
RDI=0x00000283630802b0 points into unknown readable memory: 0x0000002000000070 | 70 00 00 00 20 00 00 00
R8 =0x0000000000000004 is an unknown value
R9 =0x0000000000000004 is an unknown value
R10=0x000000085e60cebb is an unknown value
R11=0x0 is NULL
R12=0x0 is NULL
R13=0x000000b605cfb608 is pointing into the stack for thread: 0x0000028364f507b0
R14=0x000000b605cfb688 is pointing into the stack for thread: 0x0000028364f507b0
R15=0x0000028364f507b0 is a thread


Registers:
RAX=0x000002834e70a304, RBX=0x00000007051063d8, RCX=0x000000b605cfb618, RDX=0x0000000000000003
RSP=0x000000b605cfb608, RBP=0x000000b605cfb660, RSI=0x00000283659edaa8, RDI=0x00000283630802b0
R8 =0x0000000000000004, R9 =0x0000000000000004, R10=0x000000085e60cebb, R11=0x0000000000000000
R12=0x0000000000000000, R13=0x000000b605cfb608, R14=0x000000b605cfb688, R15=0x0000028364f507b0
RIP=0x000002834e754c24, EFLAGS=0x0000000000010206

Top of Stack: (sp=0x000000b605cfb608)
0x000000b605cfb608:   000002834e70a304 0000000704f76060
0x000000b605cfb618:   000000b605cfb618 000002835e60cebb
0x000000b605cfb628:   000000b605cfb688 000002835e60d000
0x000000b605cfb638:   000002834edd51ec 0000000703229200
0x000000b605cfb648:   000002835e60cec8 000000b605cfb608
0x000000b605cfb658:   000000b605cfb690 000000b605cfb700
0x000000b605cfb668:   000002834e70a304 0000000704c24150
0x000000b605cfb678:   00000007051063d8 0000000704f76060
0x000000b605cfb688:   0000000704c24218 000000b605cfb700
0x000000b605cfb698:   000002834e70a304 000000070a4c0a68
0x000000b605cfb6a8:   0000000706cb11b0 000000070ab7e8b8
0x000000b605cfb6b8:   000000b605cfb6b8 00000283664b7b1c
0x000000b605cfb6c8:   000000b605cfb748 00000283664b7c48
0x000000b605cfb6d8:   0000000000000000 0000000704c247a0
0x000000b605cfb6e8:   00000283664b7b28 000000b605cfb6a0
0x000000b605cfb6f8:   000000b605cfb750 000000b605cfba88 

Instructions: (pc=0x000002834e754c24)
0x000002834e754b24:   ff ff ff ff 10 10 00 00 00 00 00 00 80 4b 75 4e
0x000002834e754b34:   83 02 00 00 20 5b 75 4e 83 02 00 00 80 4b 75 4e
0x000002834e754b44:   83 02 00 00 20 5b 75 4e 83 02 00 00 78 4b 75 4e
0x000002834e754b54:   83 02 00 00 78 4b 75 4e 83 02 00 00 00 00 00 00
0x000002834e754b64:   00 00 00 00 00 00 00 00 00 00 00 00 28 39 6c eb
0x000002834e754b74:   fd 7f 00 00 00 00 00 00 00 00 00 00 f4 66 66 66
0x000002834e754b84:   0f 1f 84 00 00 00 00 00 66 66 66 90 66 66 66 0f
0x000002834e754b94:   1f 84 00 00 00 00 00 66 66 66 90 90 48 8b 53 08
0x000002834e754ba4:   0f b7 52 2c 48 8b 0c d4 8b 59 14 48 c1 e3 03 8b
0x000002834e754bb4:   5b 28 48 c1 e3 03 8b 5b 24 48 c1 e3 03 48 8b 5b
0x000002834e754bc4:   10 48 85 db 0f 84 10 00 00 00 41 80 bf 80 04 00
0x000002834e754bd4:   00 00 74 03 ff 63 38 ff 63 50 e9 9d f6 ff ff 66
0x000002834e754be4:   66 66 0f 1f 84 00 00 00 00 00 66 66 66 90 66 66
0x000002834e754bf4:   0f 1f 84 00 00 00 00 00 66 66 66 90 48 8b 53 08
0x000002834e754c04:   0f b7 52 2c 48 8b 0c d4 58 5b 50 44 8b 51 08 49
0x000002834e754c14:   bb 00 00 00 00 08 00 00 00 4d 03 d3 4c 8b 5b 10
0x000002834e754c24:   4b 8b 9c da b8 01 00 00 48 85 db 0f 84 10 00 00
0x000002834e754c34:   00 41 80 bf 80 04 00 00 00 74 03 ff 63 38 ff 63
0x000002834e754c44:   50 e9 36 f6 ff ff 66 66 66 0f 1f 84 00 00 00 00
0x000002834e754c54:   00 66 66 66 90 0f 1f 80 00 00 00 00 58 5b 50 8b
0x000002834e754c64:   5b 24 48 c1 e3 03 48 8b 5b 10 48 85 db 0f 84 10
0x000002834e754c74:   00 00 00 41 80 bf 80 04 00 00 00 74 03 ff 63 38
0x000002834e754c84:   ff 63 50 e9 f4 f5 ff ff 66 66 66 0f 1f 84 00 00
0x000002834e754c94:   00 00 00 66 66 66 90 0f 1f 44 00 00 48 8b 53 08
0x000002834e754ca4:   0f b7 52 2c 48 8b 0c d4 58 5b 50 48 3b 01 8b 5b
0x000002834e754cb4:   24 48 c1 e3 03 48 8b 5b 10 48 85 db 0f 84 10 00
0x000002834e754cc4:   00 00 41 80 bf 80 04 00 00 00 74 03 ff 63 38 ff
0x000002834e754cd4:   63 50 e9 a5 f5 ff ff 0f 1f 44 00 00 48 8b 53 08
0x000002834e754ce4:   0f b7 52 2c 48 8b 0c d4 58 5b 50 44 8b 51 08 49
0x000002834e754cf4:   bb 00 00 00 00 08 00 00 00 4d 03 d3 8b 43 18 48
0x000002834e754d04:   c1 e0 03 48 8b 40 10 48 8b 5b 10 45 8b 9a a0 00
0x000002834e754d14:   00 00 4f 8d 9c da b8 01 00 00 4d 8d 14 da 49 8b 


Stack slot to memory mapping:
stack at sp + 0 slots: 0x000002834e70a304 is at code_begin+4516 in an Interpreter codelet
return entry points  [0x000002834e709160, 0x000002834e70b0a0]  8000 bytes
stack at sp + 1 slots: 0x0000000704f76060 is an oop: com.screen.controller.UserRegistrationController 
{0x0000000704f76060} - klass: 'com/screen/controller/UserRegistrationController'
 - ---- fields (total size 2 words):
 - private 'userService' 'Lcom/screen/dto/UserService;' @12  a 'com/screen/service/UserServiceImpl'{0x00000007045b5928} (e08b6b25)
stack at sp + 2 slots: 0x000000b605cfb618 is pointing into the stack for thread: 0x0000028364f507b0
stack at sp + 3 slots: 0x000002835e60cebb is pointing into metadata
stack at sp + 4 slots: 0x000000b605cfb688 is pointing into the stack for thread: 0x0000028364f507b0
stack at sp + 5 slots: 0x000002835e60d000 is pointing into metadata
stack at sp + 6 slots: 0x000002834edd51ec is at entry_point+172 in (nmethod*)0x000002834edd4f90
Compiled method (c1) 1064311 2466       1       java.lang.invoke.LambdaForm$MH/0x0000000800c01000::invoke (25 bytes)
 total in heap  [0x000002834edd4f90,0x000002834edd53a8] = 1048
 relocation     [0x000002834edd50e8,0x000002834edd5130] = 72
 main code      [0x000002834edd5140,0x000002834edd5260] = 288
 stub code      [0x000002834edd5260,0x000002834edd52b8] = 88
 oops           [0x000002834edd52b8,0x000002834edd52c0] = 8
 metadata       [0x000002834edd52c0,0x000002834edd52c8] = 8
 scopes data    [0x000002834edd52c8,0x000002834edd5318] = 80
 scopes pcs     [0x000002834edd5318,0x000002834edd5388] = 112
 dependencies   [0x000002834edd5388,0x000002834edd5390] = 8
 nul chk table  [0x000002834edd5390,0x000002834edd53a8] = 24
stack at sp + 7 slots: 0x0000000703229200 is an oop: java.lang.Class 
{0x0000000703229200} - klass: 'java/lang/Class'
 - ---- fields (total size 15 words):
 - private volatile transient 'classRedefinedCount' 'I' @12  0
 - abstract internal 'klass' 'J' @16  34374025216 (da0000 8)
 - abstract internal 'array_klass' 'J' @24  0 (0 0)
 - abstract internal 'oop_size' 'I' @32  15 (f)
 - abstract internal 'static_oop_field_count' 'I' @36  1
 - private volatile transient 'cachedConstructor' 'Ljava/lang/reflect/Constructor;' @40  NULL (0)
 - private transient 'name' 'Ljava/lang/String;' @44  "java.lang.invoke.LambdaForm$DMH/0x0000000800da0000"{0x0000000703b20bb8} (e0764177)
 - private transient 'module' 'Ljava/lang/Module;' @48  a 'java/lang/Module'{0x0000000702dcf470} (e05b9e8e)
 - private final 'classLoader' 'Ljava/lang/ClassLoader;' @52  NULL (0)
 - private transient 'classData' 'Ljava/lang/Object;' @56  a 'java/util/ImmutableCollections$List12'{0x000000070323f550} (e0647eaa)
 - private transient 'packageName' 'Ljava/lang/String;' @60  NULL (0)
 - private final 'componentType' 'Ljava/lang/Class;' @64  NULL (0)
 - private volatile transient 'reflectionData' 'Ljava/lang/ref/SoftReference;' @68  NULL (0)
 - private volatile transient 'genericInfo' 'Lsun/reflect/generics/repository/ClassRepository;' @72  NULL (0)
 - private volatile transient 'enumConstants' '[Ljava/lang/Object;' @76  NULL (0)
 - private volatile transient 'enumConstantDirectory' 'Ljava/util/Map;' @80  NULL (0)
 - private volatile transient 'annotationData' 'Ljava/lang/Class$AnnotationData;' @84  NULL (0)
 - private volatile transient 'annotationType' 'Lsun/reflect/annotation/AnnotationType;' @88  NULL (0)
 - transient 'classValueMap' 'Ljava/lang/ClassValue$ClassValueMap;' @92  NULL (0)
 - abstract internal 'protection_domain' 'Ljava/lang/Object;' @96  NULL (0)
 - abstract internal 'signers_name' 'Ljava/lang/Object;' @100  NULL (0)
 - abstract internal 'source_file' 'Ljava/lang/Object;' @104  "LambdaForm$DMH"{0x0000000703b20c18} (e0764183)
 - signature: Ljava/lang/invoke/LambdaForm$DMH+0x0000000800da0000;
 - ---- static fields (1):
 - static final '_D_0' 'Ljava/lang/invoke/LambdaForm;' @112  a 'java/lang/invoke/LambdaForm'{0x000000070323f3a0} => a 'java/lang/invoke/MemberName'{0x000000070323f4d0} = {method} {0x000002835e60ced0} 'invokeVirtual' '(Ljava/lang/Object;Ljava/lang/Object;Ljava/lang/Object;)Ljava/lang/Object;' in 'java/lang/invoke/LambdaForm$DMH+0x0000000800da0000' (e0647e74)

MethodHandle::interpreter_entry::_linkToVirtual [0x000002834e754be3, 0x000002834e754c4a] (103 bytes)
[MachCode]
  0x000002834e754be3: 6666 660f | 1f84 0000 | 0000 0066 | 6666 9066 | 660f 1f84 | 0000 0000 | 0066 6666 | 9048 8b53 
  0x000002834e754c03: 080f b752 | 2c48 8b0c | d458 5b50 | 448b 5108 | 49bb 0000 | 0000 0800 | 0000 4d03 | d34c 8b5b 
  0x000002834e754c23: 104b 8b9c | dab8 0100 | 0048 85db | 0f84 1000 | 0000 4180 | bf80 0400 | 0000 7403 | ff63 38ff 
  0x000002834e754c43: 6350 e936 | 
[/MachCode]

---------------  P R O C E S S  ---------------

Threads class SMR info:
_java_thread_list=0x00000283653b41e0, length=42, elements={
0x000002835d911e60, 0x000002835d913170, 0x000002835d92ace0, 0x000002835d92c5a0,
0x000002835d92f740, 0x000002835d937160, 0x000002835d93b050, 0x000002835d95ba90,
0x0000028361c96af0, 0x0000028361d2e1d0, 0x0000028361d31070, 0x0000028361d31740,
0x0000028361c96fc0, 0x0000028361c99640, 0x0000028361c99170, 0x0000028361c987d0,
0x0000028361c96620, 0x0000028361c98ca0, 0x0000028361c95c80, 0x0000028363d53a10,
0x0000028364f4c920, 0x0000028364f4efa0, 0x0000028364f49dd0, 0x0000028364f4ead0,
0x0000028364f507b0, 0x0000028363d56090, 0x0000028363d56560, 0x0000028363d556f0,
0x0000028363d54d50, 0x0000028364f4c450, 0x0000028364f49900, 0x0000028364f4b5e0,
0x0000028364f50c80, 0x0000028364f4f940, 0x0000028364f4f470, 0x0000028364f4d790,
0x0000028364f4a770, 0x0000028364f4d2c0, 0x0000028364f4ac40, 0x0000028364f4dc60,
0x0000028364f4bab0, 0x0000028364f4e600
}

Java Threads: ( => current thread )
  0x000002835d911e60 JavaThread "Reference Handler" daemon [_thread_blocked, id=18952, stack(0x000000b602c00000,0x000000b602d00000)]
  0x000002835d913170 JavaThread "Finalizer" daemon [_thread_blocked, id=3424, stack(0x000000b602d00000,0x000000b602e00000)]
  0x000002835d92ace0 JavaThread "Signal Dispatcher" daemon [_thread_blocked, id=18012, stack(0x000000b602e00000,0x000000b602f00000)]
  0x000002835d92c5a0 JavaThread "Attach Listener" daemon [_thread_blocked, id=22500, stack(0x000000b602f00000,0x000000b603000000)]
  0x000002835d92f740 JavaThread "Service Thread" daemon [_thread_blocked, id=14700, stack(0x000000b603000000,0x000000b603100000)]
  0x000002835d937160 JavaThread "Monitor Deflation Thread" daemon [_thread_blocked, id=19296, stack(0x000000b603100000,0x000000b603200000)]
  0x000002835d93b050 JavaThread "C1 CompilerThread0" daemon [_thread_blocked, id=22572, stack(0x000000b603200000,0x000000b603300000)]
  0x000002835d95ba90 JavaThread "Sweeper thread" daemon [_thread_blocked, id=18212, stack(0x000000b603300000,0x000000b603400000)]
  0x0000028361c96af0 JavaThread "Common-Cleaner" daemon [_thread_blocked, id=20120, stack(0x000000b603400000,0x000000b603500000)]
  0x0000028361d2e1d0 JavaThread "JDWP Transport Listener: dt_socket" daemon [_thread_blocked, id=15636, stack(0x000000b603800000,0x000000b603900000)]
  0x0000028361d31070 JavaThread "JDWP Event Helper Thread" daemon [_thread_blocked, id=21800, stack(0x000000b603900000,0x000000b603a00000)]
  0x0000028361d31740 JavaThread "JDWP Command Reader" daemon [_thread_in_native, id=8724, stack(0x000000b603a00000,0x000000b603b00000)]
  0x0000028361c96fc0 JavaThread "Notification Thread" daemon [_thread_blocked, id=16288, stack(0x000000b603b00000,0x000000b603c00000)]
  0x0000028361c99640 JavaThread "RMI TCP Accept-0" daemon [_thread_in_native, id=24800, stack(0x000000b603c00000,0x000000b603d00000)]
  0x0000028361c99170 JavaThread "RMI TCP Accept-51348" daemon [_thread_in_native, id=6612, stack(0x000000b603d00000,0x000000b603e00000)]
  0x0000028361c987d0 JavaThread "RMI TCP Accept-0" daemon [_thread_in_native, id=21088, stack(0x000000b604600000,0x000000b604700000)]
  0x0000028361c96620 JavaThread "RMI Scheduler(0)" daemon [_thread_blocked, id=11496, stack(0x000000b604b00000,0x000000b604c00000)]
  0x0000028361c98ca0 JavaThread "RMI TCP Connection(idle)" daemon [_thread_blocked, id=22776, stack(0x000000b604c00000,0x000000b604d00000)]
  0x0000028361c95c80 JavaThread "JMX server connection timeout 28" daemon [_thread_blocked, id=25096, stack(0x000000b604d00000,0x000000b604e00000)]
  0x0000028363d53a10 JavaThread "mysql-cj-abandoned-connection-cleanup" daemon [_thread_blocked, id=25180, stack(0x000000b604e00000,0x000000b604f00000)]
  0x0000028364f4c920 JavaThread "Live Reload Server" daemon [_thread_in_native, id=1776, stack(0x000000b605800000,0x000000b605900000)]
  0x0000028364f4efa0 JavaThread "DestroyJavaVM" [_thread_blocked, id=3784, stack(0x000000b602500000,0x000000b602600000)]
  0x0000028364f49dd0 JavaThread "RMI TCP Connection(3)-127.0.0.1" daemon [_thread_in_native, id=25168, stack(0x000000b604800000,0x000000b604900000)]
  0x0000028364f4ead0 JavaThread "JMX server connection timeout 55" daemon [_thread_blocked, id=2752, stack(0x000000b604900000,0x000000b604a00000)]
=>0x0000028364f507b0 JavaThread "http-nio-8083-exec-4" daemon [_thread_in_Java, id=11072, stack(0x000000b605c00000,0x000000b605d00000)]
  0x0000028363d56090 JavaThread "Catalina-utility-1" [_thread_blocked, id=22108, stack(0x000000b605000000,0x000000b605100000)]
  0x0000028363d56560 JavaThread "Catalina-utility-2" [_thread_blocked, id=15024, stack(0x000000b605100000,0x000000b605200000)]
  0x0000028363d556f0 JavaThread "container-0" [_thread_blocked, id=13164, stack(0x000000b605200000,0x000000b605300000)]
  0x0000028363d54d50 JavaThread "HikariPool-8 housekeeper" daemon [_thread_blocked, id=12344, stack(0x000000b605300000,0x000000b605400000)]
  0x0000028364f4c450 JavaThread "File Watcher" daemon [_thread_blocked, id=12784, stack(0x000000b605500000,0x000000b605600000)]
  0x0000028364f49900 JavaThread "http-nio-8083-exec-1" daemon [_thread_blocked, id=23264, stack(0x000000b605600000,0x000000b605700000)]
  0x0000028364f4b5e0 JavaThread "http-nio-8083-exec-2" daemon [_thread_blocked, id=6860, stack(0x000000b605700000,0x000000b605800000)]
  0x0000028364f50c80 JavaThread "http-nio-8083-exec-3" daemon [_thread_blocked, id=14556, stack(0x000000b605900000,0x000000b605a00000)]
  0x0000028364f4f940 JavaThread "http-nio-8083-exec-4" daemon [_thread_blocked, id=2804, stack(0x000000b605a00000,0x000000b605b00000)]
  0x0000028364f4f470 JavaThread "http-nio-8083-exec-5" daemon [_thread_blocked, id=13672, stack(0x000000b605b00000,0x000000b605c00000)]
  0x0000028364f4d790 JavaThread "http-nio-8083-exec-6" daemon [_thread_blocked, id=18880, stack(0x000000b605d00000,0x000000b605e00000)]
  0x0000028364f4a770 JavaThread "http-nio-8083-exec-7" daemon [_thread_blocked, id=14716, stack(0x000000b605e00000,0x000000b605f00000)]
  0x0000028364f4d2c0 JavaThread "http-nio-8083-exec-8" daemon [_thread_blocked, id=11512, stack(0x000000b605f00000,0x000000b606000000)]
  0x0000028364f4ac40 JavaThread "http-nio-8083-exec-9" daemon [_thread_blocked, id=2408, stack(0x000000b606000000,0x000000b606100000)]
  0x0000028364f4dc60 JavaThread "http-nio-8083-exec-10" daemon [_thread_blocked, id=24176, stack(0x000000b606100000,0x000000b606200000)]
  0x0000028364f4bab0 JavaThread "http-nio-8083-Poller" daemon [_thread_in_native, id=21452, stack(0x000000b606200000,0x000000b606300000)]
  0x0000028364f4e600 JavaThread "http-nio-8083-Acceptor" daemon [_thread_in_native, id=10180, stack(0x000000b606300000,0x000000b606400000)]

Other Threads:
  0x0000028346e60d20 VMThread "VM Thread" [stack: 0x000000b602b00000,0x000000b602c00000] [id=23040] _threads_hazard_ptr=0x00000283653b41e0
  0x0000028361ffcde0 WatcherThread "VM Periodic Task Thread" [stack: 0x000000b604700000,0x000000b604800000] [id=16396]
  0x0000028346e47c50 WorkerThread "GC Thread#0" [stack: 0x000000b602600000,0x000000b602700000] [id=19132]
  0x00000283626e2480 WorkerThread "GC Thread#1" [stack: 0x000000b603e00000,0x000000b603f00000] [id=22984]
  0x00000283626e2720 WorkerThread "GC Thread#2" [stack: 0x000000b603f00000,0x000000b604000000] [id=10024]
  0x00000283626e29c0 WorkerThread "GC Thread#3" [stack: 0x000000b604000000,0x000000b604100000] [id=14536]
  0x00000283626e2c60 WorkerThread "GC Thread#4" [stack: 0x000000b604100000,0x000000b604200000] [id=15520]
  0x00000283626e2f00 WorkerThread "GC Thread#5" [stack: 0x000000b604200000,0x000000b604300000] [id=12900]
  0x00000283627887a0 WorkerThread "GC Thread#6" [stack: 0x000000b604300000,0x000000b604400000] [id=8340]
  0x0000028362788e50 WorkerThread "GC Thread#7" [stack: 0x000000b604400000,0x000000b604500000] [id=19548]
  0x0000028346e59fc0 ConcurrentGCThread "G1 Main Marker" [stack: 0x000000b602700000,0x000000b602800000] [id=22876]
  0x0000028346e5a8c0 WorkerThread "G1 Conc#0" [stack: 0x000000b602800000,0x000000b602900000] [id=15268]
  0x00000283633332b0 WorkerThread "G1 Conc#1" [stack: 0x000000b604f00000,0x000000b605000000] [id=17072]
  0x0000028346e8ec20 ConcurrentGCThread "G1 Refine#0" [stack: 0x000000b602900000,0x000000b602a00000] [id=17496]
  0x0000028362789710 ConcurrentGCThread "G1 Refine#1" [stack: 0x000000b604500000,0x000000b604600000] [id=6400]
  0x000002835d7ccaa0 ConcurrentGCThread "G1 Service" [stack: 0x000000b602a00000,0x000000b602b00000] [id=22852]

Threads with active compile tasks:

VM state: synchronizing (normal execution)

VM Mutex/Monitor currently owned by a thread:  ([mutex/lock_event])
[0x0000028346dd2080] Threads_lock - owner thread: 0x0000028346e60d20

Heap address: 0x0000000702800000, size: 4056 MB, Compressed Oops mode: Zero based, Oop shift amount: 3

CDS archive(s) mapped at: [0x0000000800000000-0x0000000800ba0000-0x0000000800ba0000), size 12189696, SharedBaseAddress: 0x0000000800000000, ArchiveRelocationMode: 0.
Compressed class space mapped at: 0x0000000800c00000-0x0000000840c00000, reserved size: 1073741824
Narrow klass base: 0x0000000800000000, Narrow klass shift: 0, Narrow klass range: 0x100000000

GC Precious Log:
 CardTable entry size: 512
 Card Set container configuration: InlinePtr #cards 4 size 8 Array Of Cards #cards 16 size 48 Howl #buckets 8 coarsen threshold 3686 Howl Bitmap #cards 512 size 80 coarsen threshold 460 Card regions per heap region 1 cards per card region 4096
 CPUs: 8 total, 8 available
 Memory: 16221M
 Large Page Support: Disabled
 NUMA Support: Disabled
 Compressed Oops: Enabled (Zero based)
 Heap Region Size: 2M
 Heap Min Capacity: 8M
 Heap Initial Capacity: 254M
 Heap Max Capacity: 4056M
 Pre-touch: Disabled
 Parallel Workers: 8
 Concurrent Workers: 2
 Concurrent Refinement Workers: 8
 Periodic GC: Disabled

Heap:
 garbage-first heap   total 137216K, used 49097K [0x0000000702800000, 0x0000000800000000)
  region size 2048K, 4 young (8192K), 3 survivors (6144K)
 Metaspace       used 85825K, committed 86528K, reserved 1179648K
  class space    used 11145K, committed 11456K, reserved 1048576K

Heap Regions: E=young(eden), S=young(survivor), O=old, HS=humongous(starts), HC=humongous(continues), CS=collection set, F=free, OA=open archive, CA=closed archive, TAMS=top-at-mark-start (previous, next)
|   0|0x0000000702800000, 0x0000000702a00000, 0x0000000702a00000|100%| O|  |TAMS 0x0000000702a00000, 0x0000000702800000| Untracked 
|   1|0x0000000702a00000, 0x0000000702c00000, 0x0000000702c00000|100%| O|  |TAMS 0x0000000702c00000, 0x0000000702a00000| Untracked 
|   2|0x0000000702c00000, 0x0000000702dff7f0, 0x0000000702e00000| 99%| O|  |TAMS 0x0000000702dff7f0, 0x0000000702c00000| Untracked 
|   3|0x0000000702e00000, 0x0000000702fffff0, 0x0000000703000000| 99%| O|  |TAMS 0x0000000702fffff0, 0x0000000702e00000| Untracked 
|   4|0x0000000703000000, 0x00000007031ffff0, 0x0000000703200000| 99%| O|  |TAMS 0x0000000703000000, 0x0000000703000000| Untracked 
|   5|0x0000000703200000, 0x00000007033ffff8, 0x0000000703400000| 99%| O|  |TAMS 0x0000000703200000, 0x0000000703200000| Untracked 
|   6|0x0000000703400000, 0x00000007035fffc8, 0x0000000703600000| 99%| O|  |TAMS 0x0000000703400000, 0x0000000703400000| Untracked 
|   7|0x0000000703600000, 0x00000007037fffb8, 0x0000000703800000| 99%| O|  |TAMS 0x0000000703600000, 0x0000000703600000| Untracked 
|   8|0x0000000703800000, 0x00000007039fff38, 0x0000000703a00000| 99%| O|  |TAMS 0x0000000703800000, 0x0000000703800000| Untracked 
|   9|0x0000000703a00000, 0x0000000703c00000, 0x0000000703c00000|100%| O|  |TAMS 0x0000000703a00000, 0x0000000703a00000| Untracked 
|  10|0x0000000703c00000, 0x0000000703dffff8, 0x0000000703e00000| 99%| O|  |TAMS 0x0000000703c00000, 0x0000000703c00000| Untracked 
|  11|0x0000000703e00000, 0x0000000703fffff8, 0x0000000704000000| 99%| O|  |TAMS 0x0000000703fffff8, 0x0000000703e00000| Untracked 
|  12|0x0000000704000000, 0x00000007041fffa0, 0x0000000704200000| 99%| O|  |TAMS 0x0000000704000000, 0x0000000704000000| Untracked 
|  13|0x0000000704200000, 0x00000007043fffc8, 0x0000000704400000| 99%| O|  |TAMS 0x0000000704200000, 0x0000000704200000| Untracked 
|  14|0x0000000704400000, 0x00000007045ffcb8, 0x0000000704600000| 99%| O|  |TAMS 0x0000000704400000, 0x0000000704400000| Untracked 
|  15|0x0000000704600000, 0x00000007047fffe8, 0x0000000704800000| 99%| O|  |TAMS 0x0000000704600000, 0x0000000704600000| Untracked 
|  16|0x0000000704800000, 0x00000007049fff88, 0x0000000704a00000| 99%| O|  |TAMS 0x0000000704800000, 0x0000000704800000| Untracked 
|  17|0x0000000704a00000, 0x0000000704bfce80, 0x0000000704c00000| 99%| O|  |TAMS 0x0000000704a00000, 0x0000000704a00000| Untracked 
|  18|0x0000000704c00000, 0x0000000704c24a30, 0x0000000704e00000|  7%| O|  |TAMS 0x0000000704c00000, 0x0000000704c00000| Untracked 
|  19|0x0000000704e00000, 0x0000000704ffffd8, 0x0000000705000000| 99%| O|  |TAMS 0x0000000704e00000, 0x0000000704e00000| Untracked 
|  20|0x0000000705000000, 0x0000000705106870, 0x0000000705200000| 51%| O|  |TAMS 0x0000000705000000, 0x0000000705000000| Untracked 
|  21|0x0000000705200000, 0x00000007052b1070, 0x0000000705400000| 34%| O|  |TAMS 0x0000000705200000, 0x0000000705200000| Untracked 
|  22|0x0000000705400000, 0x0000000705425e38, 0x0000000705600000|  7%| O|  |TAMS 0x0000000705400000, 0x0000000705400000| Untracked 
|  23|0x0000000705600000, 0x0000000705800000, 0x0000000705800000|100%| O|  |TAMS 0x0000000705600000, 0x0000000705600000| Untracked 
|  24|0x0000000705800000, 0x000000070586df80, 0x0000000705a00000| 21%| O|  |TAMS 0x0000000705800000, 0x0000000705800000| Untracked 
|  25|0x0000000705a00000, 0x0000000705a82000, 0x0000000705c00000| 25%| O|  |TAMS 0x0000000705a00000, 0x0000000705a00000| Untracked 
|  26|0x0000000705c00000, 0x0000000705c00000, 0x0000000705e00000|  0%| F|  |TAMS 0x0000000705c00000, 0x0000000705c00000| Untracked 
|  27|0x0000000705e00000, 0x0000000705e00000, 0x0000000706000000|  0%| F|  |TAMS 0x0000000705e00000, 0x0000000705e00000| Untracked 
|  28|0x0000000706000000, 0x0000000706000000, 0x0000000706200000|  0%| F|  |TAMS 0x0000000706000000, 0x0000000706000000| Untracked 
|  29|0x0000000706200000, 0x0000000706200000, 0x0000000706400000|  0%| F|  |TAMS 0x0000000706200000, 0x0000000706200000| Untracked 
|  30|0x0000000706400000, 0x0000000706400000, 0x0000000706600000|  0%| F|  |TAMS 0x0000000706400000, 0x0000000706400000| Untracked 
|  31|0x0000000706600000, 0x0000000706600000, 0x0000000706800000|  0%| F|  |TAMS 0x0000000706600000, 0x0000000706600000| Untracked 
|  32|0x0000000706800000, 0x0000000706800000, 0x0000000706a00000|  0%| F|  |TAMS 0x0000000706800000, 0x0000000706800000| Untracked 
|  33|0x0000000706a00000, 0x0000000706a00000, 0x0000000706c00000|  0%| F|  |TAMS 0x0000000706a00000, 0x0000000706a00000| Untracked 
|  34|0x0000000706c00000, 0x0000000706d04500, 0x0000000706e00000| 50%| S|CS|TAMS 0x0000000706c00000, 0x0000000706c00000| Complete 
|  35|0x0000000706e00000, 0x0000000707000000, 0x0000000707000000|100%| S|CS|TAMS 0x0000000706e00000, 0x0000000706e00000| Complete 
|  36|0x0000000707000000, 0x0000000707000000, 0x0000000707200000|  0%| F|  |TAMS 0x0000000707000000, 0x0000000707000000| Untracked 
|  37|0x0000000707200000, 0x0000000707200000, 0x0000000707400000|  0%| F|  |TAMS 0x0000000707200000, 0x0000000707200000| Untracked 
|  38|0x0000000707400000, 0x0000000707600000, 0x0000000707600000|100%| S|CS|TAMS 0x0000000707400000, 0x0000000707400000| Complete 
|  39|0x0000000707600000, 0x0000000707600000, 0x0000000707800000|  0%| F|  |TAMS 0x0000000707600000, 0x0000000707600000| Untracked 
|  40|0x0000000707800000, 0x0000000707800000, 0x0000000707a00000|  0%| F|  |TAMS 0x0000000707800000, 0x0000000707800000| Untracked 
|  41|0x0000000707a00000, 0x0000000707a00000, 0x0000000707c00000|  0%| F|  |TAMS 0x0000000707a00000, 0x0000000707a00000| Untracked 
|  42|0x0000000707c00000, 0x0000000707c00000, 0x0000000707e00000|  0%| F|  |TAMS 0x0000000707c00000, 0x0000000707c00000| Untracked 
|  43|0x0000000707e00000, 0x0000000707e00000, 0x0000000708000000|  0%| F|  |TAMS 0x0000000707e00000, 0x0000000707e00000| Untracked 
|  44|0x0000000708000000, 0x0000000708000000, 0x0000000708200000|  0%| F|  |TAMS 0x0000000708000000, 0x0000000708000000| Untracked 
|  45|0x0000000708200000, 0x0000000708200000, 0x0000000708400000|  0%| F|  |TAMS 0x0000000708200000, 0x0000000708200000| Untracked 
|  46|0x0000000708400000, 0x0000000708400000, 0x0000000708600000|  0%| F|  |TAMS 0x0000000708400000, 0x0000000708400000| Untracked 
|  47|0x0000000708600000, 0x0000000708600000, 0x0000000708800000|  0%| F|  |TAMS 0x0000000708600000, 0x0000000708600000| Untracked 
|  48|0x0000000708800000, 0x0000000708800000, 0x0000000708a00000|  0%| F|  |TAMS 0x0000000708800000, 0x0000000708800000| Untracked 
|  49|0x0000000708a00000, 0x0000000708a00000, 0x0000000708c00000|  0%| F|  |TAMS 0x0000000708a00000, 0x0000000708a00000| Untracked 
|  50|0x0000000708c00000, 0x0000000708c00000, 0x0000000708e00000|  0%| F|  |TAMS 0x0000000708c00000, 0x0000000708c00000| Untracked 
|  51|0x0000000708e00000, 0x0000000708e00000, 0x0000000709000000|  0%| F|  |TAMS 0x0000000708e00000, 0x0000000708e00000| Untracked 
|  52|0x0000000709000000, 0x0000000709000000, 0x0000000709200000|  0%| F|  |TAMS 0x0000000709000000, 0x0000000709000000| Untracked 
|  53|0x0000000709200000, 0x0000000709200000, 0x0000000709400000|  0%| F|  |TAMS 0x0000000709200000, 0x0000000709200000| Untracked 
|  54|0x0000000709400000, 0x0000000709400000, 0x0000000709600000|  0%| F|  |TAMS 0x0000000709400000, 0x0000000709400000| Untracked 
|  55|0x0000000709600000, 0x0000000709600000, 0x0000000709800000|  0%| F|  |TAMS 0x0000000709600000, 0x0000000709600000| Untracked 
|  56|0x0000000709800000, 0x0000000709800000, 0x0000000709a00000|  0%| F|  |TAMS 0x0000000709800000, 0x0000000709800000| Untracked 
|  57|0x0000000709a00000, 0x0000000709a00000, 0x0000000709c00000|  0%| F|  |TAMS 0x0000000709a00000, 0x0000000709a00000| Untracked 
|  58|0x0000000709c00000, 0x0000000709c00000, 0x0000000709e00000|  0%| F|  |TAMS 0x0000000709c00000, 0x0000000709c00000| Untracked 
|  59|0x0000000709e00000, 0x0000000709e00000, 0x000000070a000000|  0%| F|  |TAMS 0x0000000709e00000, 0x0000000709e00000| Untracked 
|  60|0x000000070a000000, 0x000000070a000000, 0x000000070a200000|  0%| F|  |TAMS 0x000000070a000000, 0x000000070a000000| Untracked 
|  61|0x000000070a200000, 0x000000070a200000, 0x000000070a400000|  0%| F|  |TAMS 0x000000070a200000, 0x000000070a200000| Untracked 
|  62|0x000000070a400000, 0x000000070a400000, 0x000000070a600000|  0%| F|  |TAMS 0x000000070a400000, 0x000000070a400000| Untracked 
|  63|0x000000070a600000, 0x000000070a600000, 0x000000070a800000|  0%| F|  |TAMS 0x000000070a600000, 0x000000070a600000| Untracked 
|  64|0x000000070a800000, 0x000000070a800000, 0x000000070aa00000|  0%| F|  |TAMS 0x000000070a800000, 0x000000070a800000| Untracked 
|  65|0x000000070aa00000, 0x000000070aa00000, 0x000000070ac00000|  0%| F|  |TAMS 0x000000070aa00000, 0x000000070aa00000| Untracked 
|  66|0x000000070ac00000, 0x000000070ad771a0, 0x000000070ae00000| 73%| E|  |TAMS 0x000000070ac00000, 0x000000070ac00000| Complete 

Card table byte_map: [0x0000028352000000,0x00000283527f0000] _byte_map_base: 0x000002834e7ec000

Marking Bits (Prev, Next): (CMBitMap*) 0x0000028346e491b0, (CMBitMap*) 0x0000028346e49170
 Prev Bits: [0x0000028356f40000, 0x000002835aea0000)
 Next Bits: [0x0000028352fe0000, 0x0000028356f40000)

Polling page: 0x0000028344c90000

Metaspace:

Usage:
  Non-class:     72.93 MB used.
      Class:     10.88 MB used.
       Both:     83.81 MB used.

Virtual space:
  Non-class space:      128.00 MB reserved,      73.31 MB ( 57%) committed,  2 nodes.
      Class space:        1.00 GB reserved,      11.19 MB (  1%) committed,  1 nodes.
             Both:        1.12 GB reserved,      84.50 MB (  7%) committed. 

Chunk freelists:
   Non-Class:  2.17 MB
       Class:  793.00 KB
        Both:  2.94 MB

MaxMetaspaceSize: unlimited
CompressedClassSpaceSize: 1.00 GB
Initial GC threshold: 21.00 MB
Current GC threshold: 140.12 MB
CDS: on
MetaspaceReclaimPolicy: balanced
 - commit_granule_bytes: 65536.
 - commit_granule_words: 8192.
 - virtual_space_node_default_size: 8388608.
 - enlarge_chunks_in_place: 1.
 - new_chunks_are_fully_committed: 0.
 - uncommit_free_chunks: 1.
 - use_allocation_guard: 0.


Internal statistics:

num_allocs_failed_limit: 12.
num_arena_births: 1272.
num_arena_deaths: 512.
num_vsnodes_births: 3.
num_vsnodes_deaths: 0.
num_space_committed: 1352.
num_space_uncommitted: 0.
num_chunks_returned_to_freelist: 587.
num_chunks_taken_from_freelist: 4534.
num_chunk_merges: 185.
num_chunk_splits: 3024.
num_chunks_enlarged: 2380.
num_inconsistent_stats: 0.

CodeCache: size=49152Kb used=27131Kb max_used=28564Kb free=22020Kb
 bounds [0x000002834e700000, 0x00000283502f0000, 0x0000028351700000]
 total_blobs=14674 nmethods=13718 adapters=878
 compilation: enabled
              stopped_count=0, restarted_count=0
 full_count=0

Compilation events (20 events):
Event: 1046.613 Thread 0x000002835d93b050 13837       1       com.fasterxml.jackson.databind.introspect.AnnotatedParameter::getIndex (5 bytes)
Event: 1046.613 Thread 0x000002835d93b050 nmethod 13837 0x00000283500ccd90 code [0x00000283500ccf20, 0x00000283500ccff8]
Event: 1046.613 Thread 0x000002835d93b050 13838       1       com.fasterxml.jackson.databind.type.TypeBindings::create (92 bytes)
Event: 1046.613 Thread 0x000002835d93b050 nmethod 13838 0x00000283500cbe10 code [0x00000283500cc080, 0x00000283500cc938]
Event: 1046.613 Thread 0x000002835d93b050 13844       1       com.fasterxml.jackson.databind.type.TypeBindings::findBoundType (76 bytes)
Event: 1046.614 Thread 0x000002835d93b050 nmethod 13844 0x00000283500cb790 code [0x00000283500cb940, 0x00000283500cbbc8]
Event: 1046.614 Thread 0x000002835d93b050 13839       1       com.fasterxml.jackson.databind.type.TypeBindings$TypeParamStash::paramsFor1 (55 bytes)
Event: 1046.614 Thread 0x000002835d93b050 nmethod 13839 0x00000283500cb010 code [0x00000283500cb200, 0x00000283500cb628]
Event: 1046.614 Thread 0x000002835d93b050 13843   !   1       com.fasterxml.jackson.databind.type.TypeFactory::_fromVariable (119 bytes)
Event: 1046.614 Thread 0x000002835d93b050 nmethod 13843 0x00000283500ca210 code [0x00000283500ca480, 0x00000283500caba8]
Event: 1046.615 Thread 0x000002835d93b050 13842       1       com.fasterxml.jackson.annotation.JsonIncludeProperties$Value::getIncluded (5 bytes)
Event: 1046.615 Thread 0x000002835d93b050 nmethod 13842 0x00000283500c9f10 code [0x00000283500ca0a0, 0x00000283500ca178]
Event: 1046.615 Thread 0x000002835d93b050 13841       1       com.fasterxml.jackson.databind.AnnotationIntrospector::findReferenceType (2 bytes)
Event: 1046.615 Thread 0x000002835d93b050 nmethod 13841 0x00000283500c9c10 code [0x00000283500c9da0, 0x00000283500c9e78]
Event: 1046.615 Thread 0x000002835d93b050 13840       1       com.fasterxml.jackson.databind.AnnotationIntrospector::findSerializer (2 bytes)
Event: 1046.615 Thread 0x000002835d93b050 nmethod 13840 0x00000283500c9910 code [0x00000283500c9aa0, 0x00000283500c9b78]
Event: 1054.558 Thread 0x000002835d93b050 13845       1       com.sun.jmx.mbeanserver.Util::cast (2 bytes)
Event: 1054.558 Thread 0x000002835d93b050 nmethod 13845 0x00000283500c9610 code [0x00000283500c97a0, 0x00000283500c9858]
Event: 1058.690 Thread 0x000002835d93b050 13846       1       java.io.ObjectInputStream$HandleTable::grow (85 bytes)
Event: 1058.690 Thread 0x000002835d93b050 nmethod 13846 0x00000283500c8c90 code [0x00000283500c8e60, 0x00000283500c9468]

GC Heap History (20 events):
Event: 743.413 GC heap before
{Heap before GC invocations=38 (full 5):
 garbage-first heap   total 137216K, used 107176K [0x0000000702800000, 0x0000000800000000)
  region size 2048K, 31 young (63488K), 0 survivors (0K)
 Metaspace       used 83588K, committed 84288K, reserved 1179648K
  class space    used 10917K, committed 11264K, reserved 1048576K
}
Event: 743.416 GC heap after
{Heap after GC invocations=39 (full 5):
 garbage-first heap   total 137216K, used 47784K [0x0000000702800000, 0x0000000800000000)
  region size 2048K, 2 young (4096K), 2 survivors (4096K)
 Metaspace       used 83588K, committed 84288K, reserved 1179648K
  class space    used 10917K, committed 11264K, reserved 1048576K
}
Event: 743.713 GC heap before
{Heap before GC invocations=39 (full 5):
 garbage-first heap   total 137216K, used 107176K [0x0000000702800000, 0x0000000800000000)
  region size 2048K, 31 young (63488K), 2 survivors (4096K)
 Metaspace       used 83831K, committed 84544K, reserved 1179648K
  class space    used 10933K, committed 11328K, reserved 1048576K
}
Event: 743.716 GC heap after
{Heap after GC invocations=40 (full 5):
 garbage-first heap   total 137216K, used 49734K [0x0000000702800000, 0x0000000800000000)
  region size 2048K, 3 young (6144K), 3 survivors (6144K)
 Metaspace       used 83831K, committed 84544K, reserved 1179648K
  class space    used 10933K, committed 11328K, reserved 1048576K
}
Event: 763.189 GC heap before
{Heap before GC invocations=40 (full 5):
 garbage-first heap   total 137216K, used 94790K [0x0000000702800000, 0x0000000800000000)
  region size 2048K, 26 young (53248K), 3 survivors (6144K)
 Metaspace       used 83971K, committed 84672K, reserved 1179648K
  class space    used 10943K, committed 11328K, reserved 1048576K
}
Event: 763.233 GC heap after
{Heap after GC invocations=41 (full 6):
 garbage-first heap   total 137216K, used 46717K [0x0000000702800000, 0x0000000800000000)
  region size 2048K, 0 young (0K), 0 survivors (0K)
 Metaspace       used 83971K, committed 84672K, reserved 1179648K
  class space    used 10943K, committed 11328K, reserved 1048576K
}
Event: 763.785 GC heap before
{Heap before GC invocations=41 (full 6):
 garbage-first heap   total 137216K, used 104061K [0x0000000702800000, 0x0000000800000000)
  region size 2048K, 29 young (59392K), 0 survivors (0K)
 Metaspace       used 84109K, committed 84800K, reserved 1179648K
  class space    used 10960K, committed 11328K, reserved 1048576K
}
Event: 763.788 GC heap after
{Heap after GC invocations=42 (full 6):
 garbage-first heap   total 137216K, used 50987K [0x0000000702800000, 0x0000000800000000)
  region size 2048K, 3 young (6144K), 3 survivors (6144K)
 Metaspace       used 84109K, committed 84800K, reserved 1179648K
  class space    used 10960K, committed 11328K, reserved 1048576K
}
Event: 764.069 GC heap before
{Heap before GC invocations=42 (full 6):
 garbage-first heap   total 137216K, used 106283K [0x0000000702800000, 0x0000000800000000)
  region size 2048K, 30 young (61440K), 3 survivors (6144K)
 Metaspace       used 84325K, committed 84992K, reserved 1179648K
  class space    used 10975K, committed 11328K, reserved 1048576K
}
Event: 764.072 GC heap after
{Heap after GC invocations=43 (full 6):
 garbage-first heap   total 137216K, used 52508K [0x0000000702800000, 0x0000000800000000)
  region size 2048K, 3 young (6144K), 3 survivors (6144K)
 Metaspace       used 84325K, committed 84992K, reserved 1179648K
  class space    used 10975K, committed 11328K, reserved 1048576K
}
Event: 779.054 GC heap before
{Heap before GC invocations=43 (full 6):
 garbage-first heap   total 137216K, used 107804K [0x0000000702800000, 0x0000000800000000)
  region size 2048K, 30 young (61440K), 3 survivors (6144K)
 Metaspace       used 84478K, committed 85184K, reserved 1179648K
  class space    used 10983K, committed 11328K, reserved 1048576K
}
Event: 779.058 GC heap after
{Heap after GC invocations=44 (full 6):
 garbage-first heap   total 137216K, used 54206K [0x0000000702800000, 0x0000000800000000)
  region size 2048K, 3 young (6144K), 3 survivors (6144K)
 Metaspace       used 84478K, committed 85184K, reserved 1179648K
  class space    used 10983K, committed 11328K, reserved 1048576K
}
Event: 932.111 GC heap before
{Heap before GC invocations=44 (full 6):
 garbage-first heap   total 137216K, used 78782K [0x0000000702800000, 0x0000000800000000)
  region size 2048K, 17 young (34816K), 3 survivors (6144K)
 Metaspace       used 85338K, committed 86080K, reserved 1179648K
  class space    used 11113K, committed 11456K, reserved 1048576K
}
Event: 932.163 GC heap after
{Heap after GC invocations=45 (full 7):
 garbage-first heap   total 137216K, used 41392K [0x0000000702800000, 0x0000000800000000)
  region size 2048K, 0 young (0K), 0 survivors (0K)
 Metaspace       used 85280K, committed 86080K, reserved 1179648K
  class space    used 11100K, committed 11456K, reserved 1048576K
}
Event: 932.763 GC heap before
{Heap before GC invocations=45 (full 7):
 garbage-first heap   total 137216K, used 102832K [0x0000000702800000, 0x0000000800000000)
  region size 2048K, 31 young (63488K), 0 survivors (0K)
 Metaspace       used 85426K, committed 86144K, reserved 1179648K
  class space    used 11117K, committed 11456K, reserved 1048576K
}
Event: 932.766 GC heap after
{Heap after GC invocations=46 (full 7):
 garbage-first heap   total 137216K, used 45488K [0x0000000702800000, 0x0000000800000000)
  region size 2048K, 2 young (4096K), 2 survivors (4096K)
 Metaspace       used 85426K, committed 86144K, reserved 1179648K
  class space    used 11117K, committed 11456K, reserved 1048576K
}
Event: 933.073 GC heap before
{Heap before GC invocations=46 (full 7):
 garbage-first heap   total 137216K, used 104880K [0x0000000702800000, 0x0000000800000000)
  region size 2048K, 31 young (63488K), 2 survivors (4096K)
 Metaspace       used 85672K, committed 86336K, reserved 1179648K
  class space    used 11134K, committed 11456K, reserved 1048576K
}
Event: 933.077 GC heap after
{Heap after GC invocations=47 (full 7):
 garbage-first heap   total 137216K, used 47460K [0x0000000702800000, 0x0000000800000000)
  region size 2048K, 3 young (6144K), 3 survivors (6144K)
 Metaspace       used 85672K, committed 86336K, reserved 1179648K
  class space    used 11134K, committed 11456K, reserved 1048576K
}
Event: 1054.553 GC heap before
{Heap before GC invocations=47 (full 7):
 garbage-first heap   total 137216K, used 104804K [0x0000000702800000, 0x0000000800000000)
  region size 2048K, 31 young (63488K), 3 survivors (6144K)
 Metaspace       used 85820K, committed 86528K, reserved 1179648K
  class space    used 11144K, committed 11456K, reserved 1048576K
}
Event: 1054.557 GC heap after
{Heap after GC invocations=48 (full 7):
 garbage-first heap   total 137216K, used 49097K [0x0000000702800000, 0x0000000800000000)
  region size 2048K, 3 young (6144K), 3 survivors (6144K)
 Metaspace       used 85820K, committed 86528K, reserved 1179648K
  class space    used 11144K, committed 11456K, reserved 1048576K
}

Deoptimization events (20 events):
Event: 1046.615 Thread 0x0000028364f49dd0 DEOPT PACKING pc=0x000002834f509694 sp=0x000000b6048fcbe0
Event: 1046.615 Thread 0x0000028364f49dd0 DEOPT UNPACKING pc=0x000002834e752b43 sp=0x000000b6048fc148 mode 1
Event: 1046.615 Thread 0x0000028364f49dd0 DEOPT PACKING pc=0x000002834f509694 sp=0x000000b6048fcbe0
Event: 1046.615 Thread 0x0000028364f49dd0 DEOPT UNPACKING pc=0x000002834e752b43 sp=0x000000b6048fc148 mode 1
Event: 1046.615 Thread 0x0000028364f49dd0 DEOPT PACKING pc=0x000002834f509694 sp=0x000000b6048fcbe0
Event: 1046.615 Thread 0x0000028364f49dd0 DEOPT UNPACKING pc=0x000002834e752b43 sp=0x000000b6048fc148 mode 1
Event: 1046.615 Thread 0x0000028364f49dd0 DEOPT PACKING pc=0x000002834f509694 sp=0x000000b6048fcbe0
Event: 1046.615 Thread 0x0000028364f49dd0 DEOPT UNPACKING pc=0x000002834e752b43 sp=0x000000b6048fc148 mode 1
Event: 1046.615 Thread 0x0000028364f49dd0 DEOPT PACKING pc=0x000002834f509694 sp=0x000000b6048fcbe0
Event: 1046.615 Thread 0x0000028364f49dd0 DEOPT UNPACKING pc=0x000002834e752b43 sp=0x000000b6048fc148 mode 1
Event: 1046.615 Thread 0x0000028364f49dd0 DEOPT PACKING pc=0x000002834f509694 sp=0x000000b6048fcbe0
Event: 1046.615 Thread 0x0000028364f49dd0 DEOPT UNPACKING pc=0x000002834e752b43 sp=0x000000b6048fc148 mode 1
Event: 1046.615 Thread 0x0000028364f49dd0 DEOPT PACKING pc=0x000002834f509694 sp=0x000000b6048fcbe0
Event: 1046.615 Thread 0x0000028364f49dd0 DEOPT UNPACKING pc=0x000002834e752b43 sp=0x000000b6048fc148 mode 1
Event: 1046.615 Thread 0x0000028364f49dd0 DEOPT PACKING pc=0x000002834f509694 sp=0x000000b6048fcbe0
Event: 1046.615 Thread 0x0000028364f49dd0 DEOPT UNPACKING pc=0x000002834e752b43 sp=0x000000b6048fc148 mode 1
Event: 1046.615 Thread 0x0000028364f49dd0 DEOPT PACKING pc=0x000002834f509694 sp=0x000000b6048fcbe0
Event: 1046.615 Thread 0x0000028364f49dd0 DEOPT UNPACKING pc=0x000002834e752b43 sp=0x000000b6048fc148 mode 1
Event: 1064.235 Thread 0x0000028364f507b0 DEOPT PACKING pc=0x000002834fdf25ac sp=0x000000b605cfb620
Event: 1064.235 Thread 0x0000028364f507b0 DEOPT UNPACKING pc=0x000002834e752b43 sp=0x000000b605cfaac8 mode 0

Classes loaded (20 events):
Event: 933.043 Loading class java/lang/ObjectCustomizer
Event: 933.043 Loading class java/lang/ObjectCustomizer done
Event: 933.043 Loading class java/lang/ObjectCustomizer
Event: 933.043 Loading class java/lang/ObjectCustomizer done
Event: 933.062 Loading class java/lang/ObjectCustomizer
Event: 933.062 Loading class java/lang/ObjectCustomizer done
Event: 933.062 Loading class java/lang/ObjectCustomizer
Event: 933.062 Loading class java/lang/ObjectCustomizer done
Event: 933.093 Loading class java/lang/ObjectCustomizer
Event: 933.093 Loading class java/lang/ObjectCustomizer done
Event: 933.093 Loading class java/lang/ObjectCustomizer
Event: 933.093 Loading class java/lang/ObjectCustomizer done
Event: 933.097 Loading class java/lang/ObjectCustomizer
Event: 933.097 Loading class java/lang/ObjectCustomizer done
Event: 933.097 Loading class java/lang/ObjectCustomizer
Event: 933.097 Loading class java/lang/ObjectCustomizer done
Event: 967.147 Loading class java/lang/ObjectCustomizer
Event: 967.147 Loading class java/lang/ObjectCustomizer done
Event: 967.149 Loading class java/lang/ObjectCustomizer
Event: 967.149 Loading class java/lang/ObjectCustomizer done

Classes unloaded (20 events):
Event: 932.126 Thread 0x0000028346e60d20 Unloading class 0x00000008016e8400 'java/lang/invoke/LambdaForm$MH+0x00000008016e8400'
Event: 932.126 Thread 0x0000028346e60d20 Unloading class 0x00000008016e8000 'java/lang/invoke/LambdaForm$MH+0x00000008016e8000'
Event: 932.126 Thread 0x0000028346e60d20 Unloading class 0x00000008016e7c00 'java/lang/invoke/LambdaForm$MH+0x00000008016e7c00'
Event: 932.126 Thread 0x0000028346e60d20 Unloading class 0x00000008016e6400 'java/lang/invoke/LambdaForm$MH+0x00000008016e6400'
Event: 932.126 Thread 0x0000028346e60d20 Unloading class 0x00000008016e6000 'java/lang/invoke/LambdaForm$MH+0x00000008016e6000'
Event: 932.126 Thread 0x0000028346e60d20 Unloading class 0x00000008016e5c00 'java/lang/invoke/LambdaForm$MH+0x00000008016e5c00'
Event: 932.126 Thread 0x0000028346e60d20 Unloading class 0x00000008016e5800 'java/lang/invoke/LambdaForm$MH+0x00000008016e5800'
Event: 932.126 Thread 0x0000028346e60d20 Unloading class 0x0000000801615000 'java/lang/invoke/LambdaForm$MH+0x0000000801615000'
Event: 932.126 Thread 0x0000028346e60d20 Unloading class 0x0000000801614c00 'java/lang/invoke/LambdaForm$MH+0x0000000801614c00'
Event: 932.126 Thread 0x0000028346e60d20 Unloading class 0x0000000801614800 'java/lang/invoke/LambdaForm$MH+0x0000000801614800'
Event: 932.126 Thread 0x0000028346e60d20 Unloading class 0x0000000801614400 'java/lang/invoke/LambdaForm$MH+0x0000000801614400'
Event: 932.126 Thread 0x0000028346e60d20 Unloading class 0x0000000801614000 'java/lang/invoke/LambdaForm$MH+0x0000000801614000'
Event: 932.126 Thread 0x0000028346e60d20 Unloading class 0x000000080160d800 'java/lang/invoke/LambdaForm$MH+0x000000080160d800'
Event: 932.126 Thread 0x0000028346e60d20 Unloading class 0x000000080160d400 'java/lang/invoke/LambdaForm$MH+0x000000080160d400'
Event: 932.126 Thread 0x0000028346e60d20 Unloading class 0x000000080160d000 'java/lang/invoke/LambdaForm$MH+0x000000080160d000'
Event: 932.126 Thread 0x0000028346e60d20 Unloading class 0x000000080160cc00 'java/lang/invoke/LambdaForm$MH+0x000000080160cc00'
Event: 932.126 Thread 0x0000028346e60d20 Unloading class 0x0000000801604800 'java/lang/invoke/LambdaForm$MH+0x0000000801604800'
Event: 932.126 Thread 0x0000028346e60d20 Unloading class 0x0000000801604400 'java/lang/invoke/LambdaForm$MH+0x0000000801604400'
Event: 932.126 Thread 0x0000028346e60d20 Unloading class 0x0000000801604000 'java/lang/invoke/LambdaForm$MH+0x0000000801604000'
Event: 932.126 Thread 0x0000028346e60d20 Unloading class 0x00000008016e9000 'org/apache/catalina/loader/JdbcLeakPrevention'

Classes redefined (20 events):
Event: 761.384 Thread 0x0000028346e60d20 redefined class name=com.screen.controller.UserRegistrationController, count=2
Event: 761.384 Thread 0x0000028346e60d20 redefined class name=com.screen.controller.UserRegistrationController, count=6
Event: 761.384 Thread 0x0000028346e60d20 redefined class name=com.screen.controller.UserRegistrationController, count=3
Event: 761.384 Thread 0x0000028346e60d20 redefined class name=com.screen.controller.UserRegistrationController, count=4
Event: 761.384 Thread 0x0000028346e60d20 redefined class name=com.screen.controller.UserRegistrationController, count=1
Event: 923.793 Thread 0x0000028346e60d20 redefined class name=com.screen.service.UserServiceImpl, count=1
Event: 923.793 Thread 0x0000028346e60d20 redefined class name=com.screen.service.UserServiceImpl, count=1
Event: 923.793 Thread 0x0000028346e60d20 redefined class name=com.screen.service.UserServiceImpl, count=1
Event: 923.793 Thread 0x0000028346e60d20 redefined class name=com.screen.service.UserServiceImpl, count=1
Event: 923.793 Thread 0x0000028346e60d20 redefined class name=com.screen.service.UserServiceImpl, count=1
Event: 923.793 Thread 0x0000028346e60d20 redefined class name=com.screen.service.UserServiceImpl, count=1
Event: 923.793 Thread 0x0000028346e60d20 redefined class name=com.screen.service.UserServiceImpl, count=1
Event: 1064.258 Thread 0x0000028346e60d20 redefined class name=com.screen.controller.UserRegistrationController, count=1
Event: 1064.258 Thread 0x0000028346e60d20 redefined class name=com.screen.controller.UserRegistrationController, count=6
Event: 1064.258 Thread 0x0000028346e60d20 redefined class name=com.screen.controller.UserRegistrationController, count=7
Event: 1064.258 Thread 0x0000028346e60d20 redefined class name=com.screen.controller.UserRegistrationController, count=1
Event: 1064.258 Thread 0x0000028346e60d20 redefined class name=com.screen.controller.UserRegistrationController, count=3
Event: 1064.258 Thread 0x0000028346e60d20 redefined class name=com.screen.controller.UserRegistrationController, count=4
Event: 1064.258 Thread 0x0000028346e60d20 redefined class name=com.screen.controller.UserRegistrationController, count=5
Event: 1064.258 Thread 0x0000028346e60d20 redefined class name=com.screen.controller.UserRegistrationController, count=2

Internal exceptions (20 events):
Event: 932.964 Thread 0x0000028363d54880 Exception <a 'java/lang/ClassNotFoundException'{0x00000007093eb730}: org/springframework/context/annotation/ConfigurationClassEnhancer$EnhancedConfigurationCustomizer> (0x00000007093eb730) 
thrown [s\open\src\hotspot\share\classfile\systemDictionary.cpp, line 255]
Event: 932.965 Thread 0x0000028363d54880 Exception <a 'java/lang/ClassNotFoundException'{0x00000007093f1c68}: org/springframework/beans/factory/BeanFactoryAwareCustomizer> (0x00000007093f1c68) 
thrown [s\open\src\hotspot\share\classfile\systemDictionary.cpp, line 255]
Event: 932.966 Thread 0x0000028363d54880 Exception <a 'java/lang/ClassNotFoundException'{0x00000007093f94a0}: org/springframework/beans/factory/AwareCustomizer> (0x00000007093f94a0) 
thrown [s\open\src\hotspot\share\classfile\systemDictionary.cpp, line 255]
Event: 932.967 Thread 0x0000028363d54880 Exception <a 'java/lang/ClassNotFoundException'{0x0000000709000438}: org/springframework/security/config/annotation/web/WebSecurityConfigurerCustomizer> (0x0000000709000438) 
thrown [s\open\src\hotspot\share\classfile\systemDictionary.cpp, line 255]
Event: 932.968 Thread 0x0000028363d54880 Exception <a 'java/lang/ClassNotFoundException'{0x00000007090071f0}: org/springframework/security/config/annotation/SecurityConfigurerCustomizer> (0x00000007090071f0) 
thrown [s\open\src\hotspot\share\classfile\systemDictionary.cpp, line 255]
Event: 933.008 Thread 0x0000028363d54880 Exception <a 'java/lang/ClassNotFoundException'{0x0000000708b5b438}: java/lang/ObjectCustomizer> (0x0000000708b5b438) 
thrown [s\open\src\hotspot\share\classfile\systemDictionary.cpp, line 255]
Event: 933.009 Thread 0x0000028363d54880 Exception <a 'java/lang/ClassNotFoundException'{0x0000000708b65b40}: com/screen/entity/UserCustomizer> (0x0000000708b65b40) 
thrown [s\open\src\hotspot\share\classfile\systemDictionary.cpp, line 255]
Event: 933.012 Thread 0x0000028363d54880 Exception <a 'java/lang/ClassNotFoundException'{0x0000000708ba6cf0}: java/lang/ObjectCustomizer> (0x0000000708ba6cf0) 
thrown [s\open\src\hotspot\share\classfile\systemDictionary.cpp, line 255]
Event: 933.013 Thread 0x0000028363d54880 Exception <a 'java/lang/ClassNotFoundException'{0x0000000708bb13f8}: com/screen/entity/RoleCustomizer> (0x0000000708bb13f8) 
thrown [s\open\src\hotspot\share\classfile\systemDictionary.cpp, line 255]
Event: 933.043 Thread 0x0000028363d54880 Exception <a 'java/lang/ClassNotFoundException'{0x00000007081ff0d0}: java/lang/ObjectCustomizer> (0x00000007081ff0d0) 
thrown [s\open\src\hotspot\share\classfile\systemDictionary.cpp, line 255]
Event: 933.044 Thread 0x0000028363d54880 Exception <a 'java/lang/ClassNotFoundException'{0x0000000707e635b8}: com/screen/entity/ECodesCustomizer> (0x0000000707e635b8) 
thrown [s\open\src\hotspot\share\classfile\systemDictionary.cpp, line 255]
Event: 933.062 Thread 0x0000028363d54880 Exception <a 'java/lang/ClassNotFoundException'{0x00000007079dbd68}: java/lang/ObjectCustomizer> (0x00000007079dbd68) 
thrown [s\open\src\hotspot\share\classfile\systemDictionary.cpp, line 255]
Event: 933.063 Thread 0x0000028363d54880 Exception <a 'java/lang/ClassNotFoundException'{0x00000007079e6470}: com/screen/entity/LineCustomizer> (0x00000007079e6470) 
thrown [s\open\src\hotspot\share\classfile\systemDictionary.cpp, line 255]
Event: 933.093 Thread 0x0000028363d54880 Exception <a 'java/lang/ClassNotFoundException'{0x000000070aa06598}: java/lang/ObjectCustomizer> (0x000000070aa06598) 
thrown [s\open\src\hotspot\share\classfile\systemDictionary.cpp, line 255]
Event: 933.095 Thread 0x0000028363d54880 Exception <a 'java/lang/ClassNotFoundException'{0x000000070aa11390}: com/screen/entity/EConfigDedParamsHdrCustomizer> (0x000000070aa11390) 
thrown [s\open\src\hotspot\share\classfile\systemDictionary.cpp, line 255]
Event: 933.097 Thread 0x0000028363d54880 Exception <a 'java/lang/ClassNotFoundException'{0x000000070aa65708}: java/lang/ObjectCustomizer> (0x000000070aa65708) 
thrown [s\open\src\hotspot\share\classfile\systemDictionary.cpp, line 255]
Event: 933.098 Thread 0x0000028363d54880 Exception <a 'java/lang/ClassNotFoundException'{0x000000070aa70520}: com/screen/entity/EConfigDedParamsDtlsCustomizer> (0x000000070aa70520) 
thrown [s\open\src\hotspot\share\classfile\systemDictionary.cpp, line 255]
Event: 958.493 Thread 0x0000028364f49900 Exception <a 'java/lang/ArrayIndexOutOfBoundsException'{0x00000007083220c8}> (0x00000007083220c8) 
thrown [s\open\src\hotspot\share\runtime\sharedRuntime.cpp, line 625]
Event: 967.149 Thread 0x0000028364f4b5e0 Exception <a 'java/lang/ClassNotFoundException'{0x00000007086f4628}: java/lang/ObjectCustomizer> (0x00000007086f4628) 
thrown [s\open\src\hotspot\share\classfile\systemDictionary.cpp, line 255]
Event: 967.150 Thread 0x0000028364f4b5e0 Exception <a 'java/lang/ClassNotFoundException'{0x0000000707d4a4f0}: com/screen/entity/UserCustomizer> (0x0000000707d4a4f0) 
thrown [s\open\src\hotspot\share\classfile\systemDictionary.cpp, line 255]

VM Operations (20 events):
Event: 934.085 Executing VM operation: Cleanup
Event: 934.085 Executing VM operation: Cleanup done
Event: 959.244 Executing VM operation: Cleanup
Event: 959.244 Executing VM operation: Cleanup done
Event: 967.301 Executing VM operation: Cleanup
Event: 967.301 Executing VM operation: Cleanup done
Event: 1046.940 Executing VM operation: Cleanup
Event: 1046.940 Executing VM operation: Cleanup done
Event: 1054.553 Executing VM operation: G1CollectForAllocation
Event: 1054.557 Executing VM operation: G1CollectForAllocation done
Event: 1054.557 Executing VM operation: Cleanup
Event: 1054.558 Executing VM operation: Cleanup done
Event: 1064.235 Executing VM operation: ChangeSingleStep
Event: 1064.235 Executing VM operation: ChangeSingleStep done
Event: 1064.235 Executing VM operation: ChangeSingleStep
Event: 1064.235 Executing VM operation: ChangeSingleStep done
Event: 1064.248 Executing VM operation: RedefineClasses
Event: 1064.277 Executing VM operation: RedefineClasses done
Event: 1064.278 Executing VM operation: ChangeSingleStep
Event: 1064.278 Executing VM operation: ChangeSingleStep done

Events (20 events):
Event: 933.336 Thread 0x0000028364f49900 Thread added: 0x0000028364f49900
Event: 933.336 Thread 0x0000028364f4b5e0 Thread added: 0x0000028364f4b5e0
Event: 933.336 Thread 0x0000028364f50c80 Thread added: 0x0000028364f50c80
Event: 933.336 Thread 0x0000028364f4f940 Thread added: 0x0000028364f4f940
Event: 933.336 Thread 0x0000028364f4f470 Thread added: 0x0000028364f4f470
Event: 933.336 Thread 0x0000028364f4d790 Thread added: 0x0000028364f4d790
Event: 933.336 Thread 0x0000028364f4a770 Thread added: 0x0000028364f4a770
Event: 933.336 Thread 0x0000028364f4d2c0 Thread added: 0x0000028364f4d2c0
Event: 933.336 Thread 0x0000028364f4ac40 Thread added: 0x0000028364f4ac40
Event: 933.336 Thread 0x0000028364f4dc60 Thread added: 0x0000028364f4dc60
Event: 933.337 Thread 0x0000028364f4bab0 Thread added: 0x0000028364f4bab0
Event: 933.337 Thread 0x0000028364f4e600 Thread added: 0x0000028364f4e600
Event: 933.350 Thread 0x0000028363d54880 Thread exited: 0x0000028363d54880
Event: 933.350 Thread 0x0000028363d53ee0 Thread exited: 0x0000028363d53ee0
Event: 938.064 Thread 0x0000028364f4a2a0 Thread exited: 0x0000028364f4a2a0
Event: 938.361 Thread 0x000002836507b5e0 Thread exited: 0x000002836507b5e0
Event: 938.361 Thread 0x000002836507b0e0 Thread exited: 0x000002836507b0e0
Event: 942.173 Thread 0x0000028362b07ca0 Thread exited: 0x0000028362b07ca0
Event: 958.524 Thread 0x0000028362b07c30 Thread added: 0x0000028362b07c30
Event: 962.854 Thread 0x0000028362b07c30 Thread exited: 0x0000028362b07c30


Dynamic libraries:
0x00007ff747b30000 - 0x00007ff747b40000 	C:\Program Files\Java\jdk-18.0.2\bin\javaw.exe
0x00007ffe76630000 - 0x00007ffe76828000 	C:\Windows\SYSTEM32\ntdll.dll
0x00007ffe748e0000 - 0x00007ffe7499d000 	C:\Windows\System32\KERNEL32.DLL
0x00007ffe73d40000 - 0x00007ffe74036000 	C:\Windows\System32\KERNELBASE.dll
0x00007ffe743e0000 - 0x00007ffe744e0000 	C:\Windows\System32\ucrtbase.dll
0x00007ffe59010000 - 0x00007ffe5902a000 	C:\Program Files\Java\jdk-18.0.2\bin\VCRUNTIME140.dll
0x00007ffe40e10000 - 0x00007ffe40e28000 	C:\Program Files\Java\jdk-18.0.2\bin\jli.dll
0x00007ffe74b80000 - 0x00007ffe74c2e000 	C:\Windows\System32\ADVAPI32.dll
0x00007ffe75b40000 - 0x00007ffe75bde000 	C:\Windows\System32\msvcrt.dll
0x00007ffe750b0000 - 0x00007ffe7514c000 	C:\Windows\System32\sechost.dll
0x00007ffe74a50000 - 0x00007ffe74b76000 	C:\Windows\System32\RPCRT4.dll
0x00007ffe74740000 - 0x00007ffe748de000 	C:\Windows\System32\USER32.dll
0x00007ffe73ce0000 - 0x00007ffe73d02000 	C:\Windows\System32\win32u.dll
0x00007ffe4de40000 - 0x00007ffe4e0da000 	C:\Windows\WinSxS\amd64_microsoft.windows.common-controls_6595b64144ccf1df_6.0.19041.1110_none_60b5254171f9507e\COMCTL32.dll
0x00007ffe76330000 - 0x00007ffe7635c000 	C:\Windows\System32\GDI32.dll
0x00007ffe742c0000 - 0x00007ffe743da000 	C:\Windows\System32\gdi32full.dll
0x00007ffe744e0000 - 0x00007ffe7457d000 	C:\Windows\System32\msvcp_win.dll
0x00007ffe6da20000 - 0x00007ffe6da2a000 	C:\Windows\SYSTEM32\VERSION.dll
0x00007ffe751c0000 - 0x00007ffe751f0000 	C:\Windows\System32\IMM32.DLL
0x00007ffe6c6d0000 - 0x00007ffe6c6dc000 	C:\Program Files\Java\jdk-18.0.2\bin\vcruntime140_1.dll
0x00007ffe24630000 - 0x00007ffe246bd000 	C:\Program Files\Java\jdk-18.0.2\bin\msvcp140.dll
0x00007ffdeadc0000 - 0x00007ffdeb9d1000 	C:\Program Files\Java\jdk-18.0.2\bin\server\jvm.dll
0x00007ffe751b0000 - 0x00007ffe751b8000 	C:\Windows\System32\PSAPI.DLL
0x00007ffe56c50000 - 0x00007ffe56c59000 	C:\Windows\SYSTEM32\WSOCK32.dll
0x00007ffe5a7d0000 - 0x00007ffe5a7f7000 	C:\Windows\SYSTEM32\WINMM.dll
0x00007ffe760b0000 - 0x00007ffe7611b000 	C:\Windows\System32\WS2_32.dll
0x00007ffe72650000 - 0x00007ffe72662000 	C:\Windows\SYSTEM32\kernel.appcore.dll
0x00007ffe5df00000 - 0x00007ffe5df0a000 	C:\Program Files\Java\jdk-18.0.2\bin\jimage.dll
0x00007ffe71610000 - 0x00007ffe717f4000 	C:\Windows\SYSTEM32\DBGHELP.DLL
0x00007ffe5e9d0000 - 0x00007ffe5ea04000 	C:\Windows\SYSTEM32\dbgcore.DLL
0x00007ffe74580000 - 0x00007ffe74602000 	C:\Windows\System32\bcryptPrimitives.dll
0x00007ffe3b5f0000 - 0x00007ffe3b62b000 	C:\Program Files\Java\jdk-18.0.2\bin\jdwp.dll
0x00007ffe59000000 - 0x00007ffe5900e000 	C:\Program Files\Java\jdk-18.0.2\bin\instrument.dll
0x00007ffe40cb0000 - 0x00007ffe40cd5000 	C:\Program Files\Java\jdk-18.0.2\bin\java.dll
0x00007ffe252b0000 - 0x00007ffe25386000 	C:\Program Files\Java\jdk-18.0.2\bin\jsvml.dll
0x00007ffe752d0000 - 0x00007ffe75a15000 	C:\Windows\System32\SHELL32.dll
0x00007ffe71b70000 - 0x00007ffe7230b000 	C:\Windows\SYSTEM32\windows.storage.dll
0x00007ffe74c30000 - 0x00007ffe74f84000 	C:\Windows\System32\combase.dll
0x00007ffe73650000 - 0x00007ffe7367e000 	C:\Windows\SYSTEM32\Wldp.dll
0x00007ffe749a0000 - 0x00007ffe74a4d000 	C:\Windows\System32\SHCORE.dll
0x00007ffe75150000 - 0x00007ffe751a5000 	C:\Windows\System32\shlwapi.dll
0x00007ffe73c10000 - 0x00007ffe73c35000 	C:\Windows\SYSTEM32\profapi.dll
0x00007ffe59900000 - 0x00007ffe5990c000 	C:\Program Files\Java\jdk-18.0.2\bin\dt_socket.dll
0x00007ffe730a0000 - 0x00007ffe730db000 	C:\Windows\SYSTEM32\IPHLPAPI.DLL
0x00007ffe733b0000 - 0x00007ffe7341a000 	C:\Windows\system32\mswsock.dll
0x00007ffe730e0000 - 0x00007ffe731aa000 	C:\Windows\SYSTEM32\DNSAPI.dll
0x00007ffe74f90000 - 0x00007ffe74f98000 	C:\Windows\System32\NSI.dll
0x00007ffe67300000 - 0x00007ffe6730a000 	C:\Windows\System32\rasadhlp.dll
0x00007ffe6edb0000 - 0x00007ffe6ee32000 	C:\Windows\System32\fwpuclnt.dll
0x00007ffe73d10000 - 0x00007ffe73d37000 	C:\Windows\System32\bcrypt.dll
0x00007ffe40c90000 - 0x00007ffe40ca8000 	C:\Program Files\Java\jdk-18.0.2\bin\zip.dll
0x00007ffe3a540000 - 0x00007ffe3a553000 	C:\Program Files\Java\jdk-18.0.2\bin\net.dll
0x00007ffe6b710000 - 0x00007ffe6b81a000 	C:\Windows\SYSTEM32\WINHTTP.dll
0x00007ffe39a80000 - 0x00007ffe39a96000 	C:\Program Files\Java\jdk-18.0.2\bin\nio.dll
0x00007ffe5f7f0000 - 0x00007ffe5f7f9000 	C:\Program Files\Java\jdk-18.0.2\bin\management.dll
0x00007ffe58ff0000 - 0x00007ffe58ffb000 	C:\Program Files\Java\jdk-18.0.2\bin\management_ext.dll
0x00007ffe4d660000 - 0x00007ffe4d677000 	C:\Windows\system32\napinsp.dll
0x00007ffe4d640000 - 0x00007ffe4d65b000 	C:\Windows\system32\pnrpnsp.dll
0x00007ffe4d070000 - 0x00007ffe4d085000 	C:\Windows\system32\wshbth.dll
0x00007ffe6c5e0000 - 0x00007ffe6c5fd000 	C:\Windows\system32\NLAapi.dll
0x00007ffe4d050000 - 0x00007ffe4d062000 	C:\Windows\System32\winrnr.dll
0x00007ffe735a0000 - 0x00007ffe735b8000 	C:\Windows\SYSTEM32\CRYPTSP.dll
0x00007ffe72cc0000 - 0x00007ffe72cf4000 	C:\Windows\system32\rsaenh.dll
0x00007ffe73bd0000 - 0x00007ffe73bfe000 	C:\Windows\SYSTEM32\USERENV.dll
0x00007ffe735c0000 - 0x00007ffe735cc000 	C:\Windows\SYSTEM32\CRYPTBASE.dll
0x00007ffe6ed80000 - 0x00007ffe6ed97000 	C:\Windows\SYSTEM32\dhcpcsvc6.DLL
0x00007ffe6ed60000 - 0x00007ffe6ed7d000 	C:\Windows\SYSTEM32\dhcpcsvc.DLL
0x00007ffe6c700000 - 0x00007ffe6c710000 	C:\Program Files\Java\jdk-18.0.2\bin\verify.dll
0x00007ffe6ba10000 - 0x00007ffe6ba1e000 	C:\Program Files\Java\jdk-18.0.2\bin\sunmscapi.dll
0x00007ffe74160000 - 0x00007ffe742be000 	C:\Windows\System32\CRYPT32.dll
0x00007ffe736c0000 - 0x00007ffe736e8000 	C:\Windows\SYSTEM32\ncrypt.dll
0x00007ffe73680000 - 0x00007ffe736bb000 	C:\Windows\SYSTEM32\NTASN1.dll

dbghelp: loaded successfully - version: 4.0.5 - missing functions: none
symbol engine: initialized successfully - sym options: 0x614 - pdb path: .;C:\Program Files\Java\jdk-18.0.2\bin;C:\Windows\SYSTEM32;C:\Windows\WinSxS\amd64_microsoft.windows.common-controls_6595b64144ccf1df_6.0.19041.1110_none_60b5254171f9507e;C:\Program Files\Java\jdk-18.0.2\bin\server

VM Arguments:
jvm_args: -XX:+ShowCodeDetailsInExceptionMessages -agentlib:jdwp=transport=dt_socket,suspend=y,address=localhost:51349 -Dcom.sun.management.jmxremote -Dcom.sun.management.jmxremote.port=51348 -Dcom.sun.management.jmxremote.authenticate=false -Dcom.sun.management.jmxremote.ssl=false -Djava.rmi.server.hostname=localhost -Dspring.jmx.enabled=true -Dmanagement.endpoints.jmx.exposure.include=* -Dspring.application.admin.enabled=true -XX:TieredStopAtLevel=1 -Dspring.boot.project.name=TaskScreen -javaagent:C:\Users\shubham.sharma\eclipse\jee-2023-06\eclipse\configuration\org.eclipse.osgi\430\0\.cp\lib\javaagent-shaded.jar -Dfile.encoding=UTF-8 
java_command: com.screen.TaskScreenApplication --spring.output.ansi.enabled=always
java_class_path (initial): C:\Users\shubham.sharma\Desktop\mt11\TaskScreen\target\classes;C:\Users\shubham.sharma\.m2\repository\org\springframework\boot\spring-boot-starter-actuator\2.7.7\spring-boot-starter-actuator-2.7.7.jar;C:\Users\shubham.sharma\.m2\repository\org\springframework\boot\spring-boot-starter\2.7.7\spring-boot-starter-2.7.7.jar;C:\Users\shubham.sharma\.m2\repository\org\springframework\boot\spring-boot-starter-logging\2.7.7\spring-boot-starter-logging-2.7.7.jar;C:\Users\shubham.sharma\.m2\repository\ch\qos\logback\logback-classic\1.2.11\logback-classic-1.2.11.jar;C:\Users\shubham.sharma\.m2\repository\ch\qos\logback\logback-core\1.2.11\logback-core-1.2.11.jar;C:\Users\shubham.sharma\.m2\repository\org\apache\logging\log4j\log4j-to-slf4j\2.17.2\log4j-to-slf4j-2.17.2.jar;C:\Users\shubham.sharma\.m2\repository\org\slf4j\jul-to-slf4j\1.7.36\jul-to-slf4j-1.7.36.jar;C:\Users\shubham.sharma\.m2\repository\org\yaml\snakeyaml\1.30\snakeyaml-1.30.jar;C:\Users\shubham.sharma\.m2\repository\org\springframework\boot\spring-boot-actuator-autoconfigure\2.7.7\spring-boot-actuator-autoconfigure-2.7.7.jar;C:\Users\shubham.sharma\.m2\repository\org\springframework\boot\spring-boot-actuator\2.7.7\spring-boot-actuator-2.7.7.jar;C:\Users\shubham.sharma\.m2\repository\com\fasterxml\jackson\core\jackson-databind\2.13.4.2\jackson-databind-2.13.4.2.jar;C:\Users\shubham.sharma\.m2\repository\com\fasterxml\jackson\datatype\jackson-datatype-jsr310\2.13.4\jackson-datatype-jsr310-2.13.4.jar;C:\Users\shubham.sharma\.m2\repository\io\micrometer\micrometer-core\1.9.6\micrometer-core-1.9.6.jar;C:\Users\shubham.sharma\.m2\repository\org\hdrhistogram\HdrHistogram\2.1.12\HdrHistogram-2.1.12.jar;C:\Users\shubham.sharma\.m2\repository\org\latencyutils\LatencyUtils\2.0.3\LatencyUtils-2.0.3.jar;C:\Users\shubham.sharma\.m2\repository\org\springframework\boot\spring-boot-starter-data-jpa\2.7.7\spring-boot-starter-data-jpa-2.7.7.jar;C:\Users\shubham.sharma\.m2\repository\org\springframework\boot\spring-boot-starter-aop\2.7.7\spring-boot-starter-aop-2.7.7.jar;C:\Users\shubham.sharma\.m2\repository\org\aspectj\aspectjweaver\1.9.7\aspectjweaver-1.9.7.jar;C:\Users\shubham.sharma\.m2\repository\org\springframework\boot\spring-boot-starter-jdbc\2.7.7\spring-boot-starter-jdbc-2.7.7.jar;C:\Users\shubham.sharma\.m2\repository\com\zaxxer\HikariCP\4.0.3\HikariCP-4.0.3.jar;C:\Users\shubham.sharma\.m2\repository\org\springframework\spring-jdbc\5.3.24\spring-jdbc-5.3.24.jar;C:\Users\shubham.sharma\.m2\repository\jakarta\transaction\jakarta.transaction-api\1.3.3\jakarta.transaction-api-1.3.3.jar;C:\Users\shubham.sharma\.m2\repository\jakarta\persistence\jakarta.persistence-api\2.2.3\jakarta.persistence-api-2.2.3.jar;C:\Users\shubham.sharma\.m2\repository\org\hibernate\hibernate-core\5.6.14.Final\hibernate-core-5.6.14.Final.jar;C:\Users\shubham.sharma\.m2\repository\org\jboss\logging\jboss-logging\3.4.3.Final\jboss-logging-3.4.3.Final.jar;C:\Users\shubham.sharma\.m2\repository\net\bytebuddy\byte-buddy\1.12.20\byte-buddy-1.12.20.jar;C:\Users\shubham.sharma\.m2\repository\antlr\antlr\2.7.7\antlr-2.7.7.jar;C:\Users\shubham.sharma\.m2\repository\org\jboss\jandex\2.4.2.Final\jandex-2.4.2.Final.jar;C:\Users\shubham.sharma\.m2\repository\com\fasterxml\classmate\1.5.1\classmate-1.5.1.jar;C:\Users\shubham.sharma\.m2\repository\org\hibernate\common\hibernate-commons-annotations\5.1.2.Final\hibernate-commons-annotations-5.1.2.Final.jar;C:\Users\shubham.sharma\.m2\repository\org\glassfish\jaxb\jaxb-runtime\2.3.7\jaxb-runtime-2.3.7.jar;C:\Users\shubham.sharma\.m2\repository\org\glassfish\jaxb\txw2\2.3.7\txw2-2.3.7.jar;C:\Users\shubham.sharma\.m2\repository\com\sun\istack\istack-commons-runtime\3.0.12\istack-commons-runtime-3.0.12.jar;C:\Users\shubham.sharma\.m2\repository\com\sun\activation\jakarta.activation\1.2.2\jakarta.activation-1.2.2.jar;C:\Users\shubham.sharma\.m2\repository\org\springframework\data\spring-data-jpa\2.7.6\spring-data-jpa-2.7.6.jar;C:\Users\shubham.sharma\.m2\repository\org\springframework\data\spring-data-commons\2.7.6\spring-data-commons-2.7.6.jar;C:\Users\shubham.sharma\.m2\repository\org\springframework\spring-orm\5.3.24\spring-orm-5.3.24.jar;C:\Users\shubham.sharma\.m2\repository\org\springframework\spring-context\5.3.24\spring-context-5.3.24.jar;C:\Users\shubham.sharma\.m2\repository\org\springframework\spring-tx\5.3.24\spring-tx-5.3.24.jar;C:\Users\shubham.sharma\.m2\repository\org\springframework\spring-beans\5.3.24\spring-beans-5.3.24.jar;C:\Users\shubham.sharma\.m2\repository\org\slf4j\slf4j-api\1.7.36\slf4j-api-1.7.36.jar;C:\Users\shubham.sharma\.m2\repository\org\springframework\spring-aspects\5.3.24\spring-aspects-5.3.24.jar;C:\Users\shubham.sharma\.m2\repository\org\springframework\boot\spring-boot-starter-web\2.7.7\spring-boot-starter-web-2.7.7.jar;C:\Users\shubham.sharma\.m2\repository\org\springframework\boot\spring-boot-starter-json\2.7.7\spring-boot-starter-json-2.7.7.jar;C:\Users\shubham.sharma\.m2\repository\com\fasterxml\jackson\datatype\jackson-datatype-jdk8\2.13.4\jackson-datatype-jdk8-2.13.4.jar;C:\Users\shubham.sharma\.m2\repository\com\fasterxml\jackson\module\jackson-module-parameter-names\2.13.4\jackson-module-parameter-names-2.13.4.jar;C:\Users\shubham.sharma\.m2\repository\org\springframework\spring-web\5.3.24\spring-web-5.3.24.jar;C:\Users\shubham.sharma\.m2\repository\org\springframework\spring-webmvc\5.3.24\spring-webmvc-5.3.24.jar;C:\Users\shubham.sharma\.m2\repository\org\springframework\spring-expression\5.3.24\spring-expression-5.3.24.jar;C:\Users\shubham.sharma\.m2\repository\org\apache\tomcat\embed\tomcat-embed-jasper\9.0.70\tomcat-embed-jasper-9.0.70.jar;C:\Users\shubham.sharma\.m2\repository\org\apache\tomcat\embed\tomcat-embed-core\9.0.70\tomcat-embed-core-9.0.70.jar;C:\Users\shubham.sharma\.m2\repository\org\apache\tomcat\tomcat-annotations-api\9.0.70\tomcat-annotations-api-9.0.70.jar;C:\Users\shubham.sharma\.m2\repository\org\apache\tomcat\embed\tomcat-embed-el\9.0.70\tomcat-embed-el-9.0.70.jar;C:\Users\shubham.sharma\.m2\repository\org\eclipse\jdt\ecj\3.18.0\ecj-3.18.0.jar;C:\Users\shubham.sharma\.m2\repository\org\springframework\boot\spring-boot-starter-validation\2.7.7\spring-boot-starter-validation-2.7.7.jar;C:\Users\shubham.sharma\.m2\repository\org\hibernate\validator\hibernate-validator\6.2.5.Final\hibernate-validator-6.2.5.Final.jar;C:\Users\shubham.sharma\.m2\repository\jakarta\validation\jakarta.validation-api\2.0.2\jakarta.validation-api-2.0.2.jar;C:\Users\shubham.sharma\.m2\repository\jstl\jstl\1.2\jstl-1.2.jar;C:\Users\shubham.sharma\.m2\repository\org\springframework\boot\spring-boot-devtools\2.7.7\spring-boot-devtools-2.7.7.jar;C:\Users\shubham.sharma\.m2\repository\org\springframework\boot\spring-boot\2.7.7\spring-boot-2.7.7.jar;C:\Users\shubham.sharma\.m2\repository\org\springframework\boot\spring-boot-autoconfigure\2.7.7\spring-boot-autoconfigure-2.7.7.jar;C:\Users\shubham.sharma\.m2\repository\com\mysql\mysql-connector-j\8.0.31\mysql-connector-j-8.0.31.jar;C:\Users\shubham.sharma\.m2\repository\org\projectlombok\lombok\1.18.24\lombok-1.18.24.jar;C:\Users\shubham.sharma\.m2\repository\org\springframework\boot\spring-boot-starter-tomcat\2.7.7\spring-boot-starter-tomcat-2.7.7.jar;C:\Users\shubham.sharma\.m2\repository\jakarta\annotation\jakarta.annotation-api\1.3.5\jakarta.annotation-api-1.3.5.jar;C:\Users\shubham.sharma\.m2\repository\org\apache\tomcat\embed\tomcat-embed-websocket\9.0.70\tomcat-embed-websocket-9.0.70.jar;C:\Users\shubham.sharma\.m2\repository\jakarta\xml\bind\jakarta.xml.bind-api\2.3.3\jakarta.xml.bind-api-2.3.3.jar;C:\Users\shubham.sharma\.m2\repository\jakarta\activation\jakarta.activation-api\1.2.2\jakarta.activation-api-1.2.2.jar;C:\Users\shubham.sharma\.m2\repository\org\springframework\spring-core\5.3.24\spring-core-5.3.24.jar;C:\Users\shubham.sharma\.m2\repository\org\springframework\spring-jcl\5.3.24\spring-jcl-5.3.24.jar;C:\Users\shubham.sharma\.m2\repository\org\springframework\boot\spring-boot-starter-security\2.7.7\spring-boot-starter-security-2.7.7.jar;C:\Users\shubham.sharma\.m2\repository\org\springframework\spring-aop\5.3.24\spring-aop-5.3.24.jar;C:\Users\shubham.sharma\.m2\repository\org\springframework\security\spring-security-config\5.7.6\spring-security-config-5.7.6.jar;C:\Users\shubham.sharma\.m2\repository\org\springframework\security\spring-security-web\5.7.6\spring-security-web-5.7.6.jar;C:\Users\shubham.sharma\.m2\repository\org\springframework\security\spring-security-core\5.7.6\spring-security-core-5.7.6.jar;C:\Users\shubham.sharma\.m2\repository\org\springframework\security\spring-security-crypto\5.7.6\spring-security-crypto-5.7.6.jar;C:\Users\shubham.sharma\Desktop\latest2\2pro\SmartSearch\target\classes;C:\Users\shubham.sharma\.m2\repository\org\apache\poi\poi\5.1.0\poi-5.1.0.jar;C:\Users\shubham.sharma\.m2\repository\commons-codec\commons-codec\1.15\commons-codec-1.15.jar;C:\Users\shubham.sharma\.m2\repository\org\apache\commons\commons-collections4\4.4\commons-collections4-4.4.jar;C:\Users\shubham.sharma\.m2\repository\org\apache\commons\commons-math3\3.6.1\commons-math3-3.6.1.jar;C:\Users\shubham.sharma\.m2\repository\commons-io\commons-io\2.11.0\commons-io-2.11.0.jar;C:\Users\shubham.sharma\.m2\repository\com\zaxxer\SparseBitSet\1.2\SparseBitSet-1.2.jar;C:\Users\shubham.sharma\.m2\repository\org\apache\logging\log4j\log4j-api\2.17.2\log4j-api-2.17.2.jar;C:\Users\shubham.sharma\.m2\repository\org\apache\poi\poi-ooxml\5.2.3\poi-ooxml-5.2.3.jar;C:\Users\shubham.sharma\.m2\repository\org\apache\poi\poi-ooxml-lite\5.2.3\poi-ooxml-lite-5.2.3.jar;C:\Users\shubham.sharma\.m2\repository\org\apache\xmlbeans\xmlbeans\5.1.1\xmlbeans-5.1.1.jar;C:\Users\shubham.sharma\.m2\repository\org\apache\commons\commons-compress\1.21\commons-compress-1.21.jar;C:\Users\shubham.sharma\.m2\repository\com\github\virtuald\curvesapi\1.07\curvesapi-1.07.jar;C:\Users\shubham.sharma\.m2\repository\net\sf\jasperreports\jasperreports\6.20.5\jasperreports-6.20.5.jar;C:\Users\shubham.sharma\.m2\repository\commons-beanutils\commons-beanutils\1.9.4\commons-beanutils-1.9.4.jar;C:\Users\shubham.sharma\.m2\repository\commons-collections\commons-collections\3.2.2\commons-collections-3.2.2.jar;C:\Users\shubham.sharma\.m2\repository\commons-digester\commons-digester\2.1\commons-digester-2.1.jar;C:\Users\shubham.sharma\.m2\repository\com\github\librepdf\openpdf\1.3.30.jaspersoft.2\openpdf-1.3.30.jaspersoft.2.jar;C:\Users\shubham.sharma\.m2\repository\org\jfree\jcommon\1.0.23\jcommon-1.0.23.jar;C:\Users\shubham.sharma\.m2\repository\org\jfree\jfreechart\1.0.19\jfreechart-1.0.19.jar;C:\Users\shubham.sharma\.m2\repository\com\fasterxml\jackson\core\jackson-core\2.13.4\jackson-core-2.13.4.jar;C:\Users\shubham.sharma\.m2\repository\com\fasterxml\jackson\core\jackson-annotations\2.13.4\jackson-annotations-2.13.4.jar;C:\Users\shubham.sharma\.m2\repository\com\fasterxml\jackson\dataformat\jackson-dataformat-xml\2.13.4\jackson-dataformat-xml-2.13.4.jar;C:\Users\shubham.sharma\.m2\repository\org\codehaus\woodstox\stax2-api\4.2.1\stax2-api-4.2.1.jar;C:\Users\shubham.sharma\.m2\repository\com\fasterxml\woodstox\woodstox-core\6.3.1\woodstox-core-6.3.1.jar;C:\Users\shubham.sharma\.m2\repository\org\codehaus\groovy\groovy-all\2.4.10\groovy-all-2.4.10.jar;C:\Users\shubham.sharma\.m2\repository\org\apache\commons\commons-lang3\3.12.0\commons-lang3-3.12.0.jar
Launcher Type: SUN_STANDARD

[Global flags]
     intx CICompilerCount                          = 4                                         {product} {ergonomic}
     uint ConcGCThreads                            = 2                                         {product} {ergonomic}
     uint G1ConcRefinementThreads                  = 8                                         {product} {ergonomic}
   size_t G1HeapRegionSize                         = 2097152                                   {product} {ergonomic}
    uintx GCDrainStackTargetSize                   = 64                                        {product} {ergonomic}
   size_t InitialHeapSize                          = 266338304                                 {product} {ergonomic}
     bool ManagementServer                         = true                                      {product} {command line}
   size_t MarkStackSize                            = 4194304                                   {product} {ergonomic}
   size_t MaxHeapSize                              = 4253024256                                {product} {ergonomic}
   size_t MaxNewSize                               = 2550136832                                {product} {ergonomic}
   size_t MinHeapDeltaBytes                        = 2097152                                   {product} {ergonomic}
   size_t MinHeapSize                              = 8388608                                   {product} {ergonomic}
    uintx NonProfiledCodeHeapSize                  = 0                                      {pd product} {ergonomic}
     bool ProfileInterpreter                       = false                                  {pd product} {command line}
    uintx ProfiledCodeHeapSize                     = 0                                      {pd product} {ergonomic}
     bool ShowCodeDetailsInExceptionMessages       = true                                   {manageable} {command line}
   size_t SoftMaxHeapSize                          = 4253024256                             {manageable} {ergonomic}
     intx TieredStopAtLevel                        = 1                                         {product} {command line}
     bool UseCompressedClassPointers               = true                           {product lp64_product} {ergonomic}
     bool UseCompressedOops                        = true                           {product lp64_product} {ergonomic}
     bool UseG1GC                                  = true                                      {product} {ergonomic}
     bool UseLargePagesIndividualAllocation        = false                                  {pd product} {ergonomic}

Logging:
Log output configuration:
 #0: stdout all=warning uptime,level,tags foldmultilines=false
 #1: stderr all=off uptime,level,tags foldmultilines=false

Environment Variables:
JAVA_HOME=D:\Xstore\jdk-11.0.17
PATH=C:/Program Files/Java/jdk-18.0.2/bin/server;C:/Program Files/Java/jdk-18.0.2/bin;D:\Xstore\jdk-11.0.17\bin;D:\Xstore\ORACLEDB_19C_HOME\WINDOWS.X64_193000_db_home\bin;C:\Program Files\Common Files\Oracle\Java\javapath;C:\Program Files (x86)\VMware\VMware Player\bin\;C:\Windows\system32;C:\Windows;C:\Windows\System32\Wbem;C:\Windows\System32\WindowsPowerShell\v1.0\;C:\Windows\System32\OpenSSH\;C:\Program Files (x86)\Kaspersky Lab\Kaspersky Endpoint Security for Windows\;C:\Program Files (x86)\NVIDIA Corporation\PhysX\Common;C:\Program Files\MySQL\MySQL Shell 8.0\bin\;C:\Users\shubham.sharma\AppData\Local\Microsoft\WindowsApps;;C:\Users\shubham.sharma\AppData\Local\Programs\Microsoft VS Code\bin;C:\Users\shubham.sharma\Desktop;
USERNAME=Shubham.Sharma
OS=Windows_NT
PROCESSOR_IDENTIFIER=Intel64 Family 6 Model 142 Stepping 12, GenuineIntel



---------------  S Y S T E M  ---------------

OS:
 Windows 10 , 64 bit Build 19041 (10.0.19041.3393)
OS uptime: 3 days 17:51 hours

CPU: total 8 (initial active 8) (4 cores per cpu, 2 threads per core) family 6 model 142 stepping 12 microcode 0xf8, cx8, cmov, fxsr, ht, mmx, 3dnowpref, sse, sse2, sse3, ssse3, sse4.1, sse4.2, popcnt, lzcnt, tsc, tscinvbit, avx, avx2, aes, erms, clmul, bmi1, bmi2, adx, fma, vzeroupper, clflush, clflushopt

Memory: 4k page, system-wide physical 16221M (3226M free)
TotalPageFile size 25949M (AvailPageFile size 3521M)
current process WorkingSet (physical memory assigned to process): 337M, peak: 454M
current process commit charge ("private bytes"): 379M, peak: 519M

vm_info: Java HotSpot(TM) 64-Bit Server VM (18.0.2+9-61) for windows-amd64 JRE (18.0.2+9-61), built on Jun  7 2022 13:09:01 by "mach5one" with MS VC++ 16.8 / 16.9 (VS2019)

END.
