#
# A fatal error has been detected by the Java Runtime Environment:
#
#  EXCEPTION_ACCESS_VIOLATION (0xc0000005) at pc=0x0000022df4e94cd0, pid=10640, tid=20452
#
# JRE version: Java(TM) SE Runtime Environment (18.0.2+9) (build 18.0.2+9-61)
# Java VM: Java HotSpot(TM) 64-Bit Server VM (18.0.2+9-61, mixed mode, emulated-client, sharing, tiered, compressed oops, compressed class ptrs, g1 gc, windows-amd64)
# Problematic frame:
# v  ~BufferBlob::MethodHandles adapters
#
# No core dump will be written. Minidumps are not enabled by default on client versions of Windows
#
# If you would like to submit a bug report, please visit:
#   https://bugreport.java.com/bugreport/crash.jsp
#

---------------  S U M M A R Y ------------

Command Line: -XX:+ShowCodeDetailsInExceptionMessages -agentlib:jdwp=transport=dt_socket,suspend=y,address=localhost:49868 -Dcom.sun.management.jmxremote -Dcom.sun.management.jmxremote.port=49866 -Dcom.sun.management.jmxremote.authenticate=false -Dcom.sun.management.jmxremote.ssl=false -Djava.rmi.server.hostname=localhost -Dspring.jmx.enabled=true -Dmanagement.endpoints.jmx.exposure.include=* -Dspring.application.admin.enabled=true -XX:TieredStopAtLevel=1 -Dspring.boot.project.name=TaskScreen -javaagent:C:\Users\shubham.sharma\eclipse\jee-2023-06\eclipse\configuration\org.eclipse.osgi\430\0\.cp\lib\javaagent-shaded.jar -Dfile.encoding=UTF-8 com.screen.TaskScreenApplication --spring.output.ansi.enabled=always

Host: Intel(R) Core(TM) i5-10210U CPU @ 1.60GHz, 8 cores, 15G,  Windows 10 , 64 bit Build 19041 (10.0.19041.3393)
Time: Thu Oct 12 11:39:49 2023 India Standard Time elapsed time: 13.177316 seconds (0d 0h 0m 13s)

---------------  T H R E A D  ---------------

Current thread (0x0000022d892712f0):  JavaThread "restartedMain" [_thread_in_Java, id=20452, stack(0x0000005125500000,0x0000005125600000)]

Stack: [0x0000005125500000,0x0000005125600000],  sp=0x00000051255fe398,  free space=1016k
Native frames: (J=compiled Java code, j=interpreted, Vv=VM code, C=native code)
C  0x0000022df4e94cd0


siginfo: EXCEPTION_ACCESS_VIOLATION (0xc0000005), reading address 0xffffffffffffffff


Register to memory mapping:

RIP=0x0000022df4e94cd0 is at begin+68 in a stub
MethodHandle::interpreter_entry::_linkToSpecial [0x0000022df4e94c8c, 0x0000022df4e94cdb] (79 bytes)
RAX=0x0000022df4e49dd2 is at code_begin+3186 in an Interpreter codelet
return entry points  [0x0000022df4e49160, 0x0000022df4e4b0a0]  8000 bytes
RBX=0xe10fe09a00000000 is an unknown value
RCX=0x00000051255fe3a0 is pointing into the stack for thread: 0x0000022d892712f0
RDX=0x0000000000000002 is an unknown value
RSP=0x00000051255fe398 is pointing into the stack for thread: 0x0000022d892712f0
RBP=0x00000051255fe3e8 is pointing into the stack for thread: 0x0000022d892712f0
RSI=0x0000022d8aba22e8 points into unknown readable memory: 0x88000e2df7ccc12a | 2a c1 cc f7 2d 0e 00 88
RDI=0x0000022d8ac77670 points into unknown readable memory: 0x0000001800000070 | 70 00 00 00 18 00 00 00
R8 =0x0000000000000004 is an unknown value
R9 =0x0000000000000004 is an unknown value
R10=0x00007ffdeb9189b0 jvm.dll
R11={method} {0x00000008000c8c50} 'newInvokeSpecial' '(Ljava/lang/Object;)Ljava/lang/Object;' in 'java/lang/invoke/DirectMethodHandle$Holder'
R12=0x0 is NULL
R13=0x00000051255fe398 is pointing into the stack for thread: 0x0000022d892712f0
R14=0x00000051255fe408 is pointing into the stack for thread: 0x0000022d892712f0
R15=0x0000022d892712f0 is a thread


Registers:
RAX=0x0000022df4e49dd2, RBX=0xe10fe09a00000000, RCX=0x00000051255fe3a0, RDX=0x0000000000000002
RSP=0x00000051255fe398, RBP=0x00000051255fe3e8, RSI=0x0000022d8aba22e8, RDI=0x0000022d8ac77670
R8 =0x0000000000000004, R9 =0x0000000000000004, R10=0x00007ffdeb9189b0, R11=0x00000008000c8c48
R12=0x0000000000000000, R13=0x00000051255fe398, R14=0x00000051255fe408, R15=0x0000022d892712f0
RIP=0x0000022df4e94cd0, EFLAGS=0x0000000000010202

Top of Stack: (sp=0x00000051255fe398)
0x00000051255fe398:   0000022df4e49dd2 00000051255fe3a0
0x00000051255fe3a8:   00000008006df207 00000051255fe408
0x00000051255fe3b8:   00000008000c4a00 00000051255fe7b0
0x00000051255fe3c8:   0000000702b74ec0 00000008000c8c48
0x00000051255fe3d8:   00000051255fe398 00000051255fe410
0x00000051255fe3e8:   00000051255fe7b0 0000022df53e8036
0x00000051255fe3f8:   00000007087f03d8 00000007087f0480
0x00000051255fe408:   00000007087f0438 00007ffdeb6c8678
0x00000051255fe418:   0000022d892712f0 00000051255fe758
0x00000051255fe428:   0000022df560a824 00000051255fe7b0
0x00000051255fe438:   0000022df579c194 000000070300e4b0
0x00000051255fe448:   0000000703434fc8 00000007087f01b0
0x00000051255fe458:   00007ffdeb3edf95 00000051255fe7b0
0x00000051255fe468:   0000022df5482854 0000000000000000
0x00000051255fe478:   00000000087f00c8 00000051255fe4e0
0x00000051255fe488:   0000022d892712f0 0000000000000002 

Instructions: (pc=0x0000022df4e94cd0)
0x0000022df4e94bd0:   bf 80 04 00 00 00 74 03 ff 63 38 ff 63 50 e9 9d
0x0000022df4e94be0:   f6 ff ff 66 66 66 0f 1f 84 00 00 00 00 00 66 66
0x0000022df4e94bf0:   66 90 66 66 0f 1f 84 00 00 00 00 00 66 66 66 90
0x0000022df4e94c00:   48 8b 53 08 0f b7 52 2c 48 8b 0c d4 58 5b 50 44
0x0000022df4e94c10:   8b 51 08 49 bb 00 00 00 00 08 00 00 00 4d 03 d3
0x0000022df4e94c20:   4c 8b 5b 10 4b 8b 9c da b8 01 00 00 48 85 db 0f
0x0000022df4e94c30:   84 10 00 00 00 41 80 bf 80 04 00 00 00 74 03 ff
0x0000022df4e94c40:   63 38 ff 63 50 e9 36 f6 ff ff 66 66 66 0f 1f 84
0x0000022df4e94c50:   00 00 00 00 00 66 66 66 90 0f 1f 80 00 00 00 00
0x0000022df4e94c60:   58 5b 50 8b 5b 24 48 c1 e3 03 48 8b 5b 10 48 85
0x0000022df4e94c70:   db 0f 84 10 00 00 00 41 80 bf 80 04 00 00 00 74
0x0000022df4e94c80:   03 ff 63 38 ff 63 50 e9 f4 f5 ff ff 66 66 66 0f
0x0000022df4e94c90:   1f 84 00 00 00 00 00 66 66 66 90 0f 1f 44 00 00
0x0000022df4e94ca0:   48 8b 53 08 0f b7 52 2c 48 8b 0c d4 58 5b 50 48
0x0000022df4e94cb0:   3b 01 8b 5b 24 48 c1 e3 03 48 8b 5b 10 48 85 db
0x0000022df4e94cc0:   0f 84 10 00 00 00 41 80 bf 80 04 00 00 00 74 03
0x0000022df4e94cd0:   ff 63 38 ff 63 50 e9 a5 f5 ff ff 0f 1f 44 00 00
0x0000022df4e94ce0:   48 8b 53 08 0f b7 52 2c 48 8b 0c d4 58 5b 50 44
0x0000022df4e94cf0:   8b 51 08 49 bb 00 00 00 00 08 00 00 00 4d 03 d3
0x0000022df4e94d00:   8b 43 18 48 c1 e0 03 48 8b 40 10 48 8b 5b 10 45
0x0000022df4e94d10:   8b 9a a0 00 00 00 4f 8d 9c da b8 01 00 00 4d 8d
0x0000022df4e94d20:   14 da 49 8b 1b 48 3b c3 74 15 48 85 db 0f 84 32
0x0000022df4e94d30:   00 00 00 49 83 c3 10 49 8b 1b 48 3b c3 75 eb 45
0x0000022df4e94d40:   8b 5b 08 4b 8b 1c 1a 48 85 db 0f 84 10 00 00 00
0x0000022df4e94d50:   41 80 bf 80 04 00 00 00 74 03 ff 63 38 ff 63 50
0x0000022df4e94d60:   e9 1b f5 ff ff e9 16 f8 ff ff f4 00 00 00 00 00
0x0000022df4e94d70:   00 00 00 00 00 00 00 00 00 00 00 00 00 00 00 00
0x0000022df4e94d80:   00 00 00 00 00 00 00 00 00 00 00 00 00 00 00 00
0x0000022df4e94d90:   00 00 00 00 00 00 00 00 00 00 00 00 00 00 00 00
0x0000022df4e94da0:   00 00 00 00 00 00 00 00 00 00 00 00 00 00 00 00
0x0000022df4e94db0:   00 00 00 00 00 00 00 00 00 00 00 00 00 00 00 00
0x0000022df4e94dc0:   00 00 00 00 00 00 00 00 00 00 00 00 00 00 00 00 


Stack slot to memory mapping:
stack at sp + 0 slots: 0x0000022df4e49dd2 is at code_begin+3186 in an Interpreter codelet
return entry points  [0x0000022df4e49160, 0x0000022df4e4b0a0]  8000 bytes
stack at sp + 1 slots: 0x00000051255fe3a0 is pointing into the stack for thread: 0x0000022d892712f0
stack at sp + 2 slots: 0x00000008006df207 is pointing into metadata
stack at sp + 3 slots: 0x00000051255fe408 is pointing into the stack for thread: 0x0000022d892712f0
stack at sp + 4 slots: 0x00000008000c4a00 is pointing into metadata
stack at sp + 5 slots: 0x00000051255fe7b0 is pointing into the stack for thread: 0x0000022d892712f0
stack at sp + 6 slots: 0x0000000702b74ec0 is an oop: java.lang.Class 
{0x0000000702b74ec0} - klass: 'java/lang/Class'
 - ---- fields (total size 14 words):
 - private volatile transient 'classRedefinedCount' 'I' @12  0
 - abstract internal 'klass' 'J' @16  34360542752 (c4620 8)
 - abstract internal 'array_klass' 'J' @24  0 (0 0)
 - abstract internal 'oop_size' 'I' @32  14 (e)
 - abstract internal 'static_oop_field_count' 'I' @36  0
 - private volatile transient 'cachedConstructor' 'Ljava/lang/reflect/Constructor;' @40  NULL (0)
 - private transient 'name' 'Ljava/lang/String;' @44  NULL (0)
 - private transient 'module' 'Ljava/lang/Module;' @48  a 'java/lang/Module'{0x0000000702b827e0} (e05704fc)
 - private final 'classLoader' 'Ljava/lang/ClassLoader;' @52  NULL (0)
 - private transient 'classData' 'Ljava/lang/Object;' @56  NULL (0)
 - private transient 'packageName' 'Ljava/lang/String;' @60  NULL (0)
 - private final 'componentType' 'Ljava/lang/Class;' @64  NULL (0)
 - private volatile transient 'reflectionData' 'Ljava/lang/ref/SoftReference;' @68  NULL (0)
 - private volatile transient 'genericInfo' 'Lsun/reflect/generics/repository/ClassRepository;' @72  NULL (0)
 - private volatile transient 'enumConstants' '[Ljava/lang/Object;' @76  NULL (0)
 - private volatile transient 'enumConstantDirectory' 'Ljava/util/Map;' @80  NULL (0)
 - private volatile transient 'annotationData' 'Ljava/lang/Class$AnnotationData;' @84  NULL (0)
 - private volatile transient 'annotationType' 'Lsun/reflect/annotation/AnnotationType;' @88  NULL (0)
 - transient 'classValueMap' 'Ljava/lang/ClassValue$ClassValueMap;' @92  NULL (0)
 - abstract internal 'protection_domain' 'Ljava/lang/Object;' @96  NULL (0)
 - abstract internal 'signers_name' 'Ljava/lang/Object;' @100  NULL (0)
 - abstract internal 'source_file' 'Ljava/lang/Object;' @104  NULL (0)
 - signature: Ljava/lang/invoke/DirectMethodHandle$Holder;
 - ---- static fields (0):
stack at sp + 7 slots: {method} {0x00000008000c8c50} 'newInvokeSpecial' '(Ljava/lang/Object;)Ljava/lang/Object;' in 'java/lang/invoke/DirectMethodHandle$Holder'

MethodHandle::interpreter_entry::_linkToSpecial [0x0000022df4e94c8c, 0x0000022df4e94cdb] (79 bytes)
[MachCode]
  0x0000022df4e94c8c: 6666 660f | 1f84 0000 | 0000 0066 | 6666 900f | 1f44 0000 | 488b 5308 | 0fb7 522c | 488b 0cd4 
  0x0000022df4e94cac: 585b 5048 | 3b01 8b5b | 2448 c1e3 | 0348 8b5b | 1048 85db | 0f84 1000 | 0000 4180 | bf80 0400 
  0x0000022df4e94ccc: 0000 7403 | ff63 38ff | 6350 e9a5 | 
[/MachCode]

---------------  P R O C E S S  ---------------

Threads class SMR info:
_java_thread_list=0x0000022d8b114e20, length=28, elements={
0x0000022ded517c30, 0x0000022d840c2960, 0x0000022d840c4360, 0x0000022d840d91d0,
0x0000022d840d9a80, 0x0000022d840dc480, 0x0000022d840ded40, 0x0000022d840edda0,
0x0000022d840f16f0, 0x0000022d840af890, 0x0000022d884d6820, 0x0000022d884da6f0,
0x0000022d884dbbe0, 0x0000022d88cc78f0, 0x0000022d884d7030, 0x0000022d88e154c0,
0x0000022d88e46510, 0x0000022d892d8ba0, 0x0000022d892712f0, 0x0000022d8957eac0,
0x0000022d8960a960, 0x0000022d89001a60, 0x0000022d89002400, 0x0000022d89003270,
0x0000022d88fffd80, 0x0000022d890010c0, 0x0000022d89000720, 0x0000022d8a84fbc0
}

Java Threads: ( => current thread )
  0x0000022ded517c30 JavaThread "main" [_thread_blocked, id=19464, stack(0x0000005123000000,0x0000005123100000)]
  0x0000022d840c2960 JavaThread "Reference Handler" daemon [_thread_blocked, id=15404, stack(0x0000005123700000,0x0000005123800000)]
  0x0000022d840c4360 JavaThread "Finalizer" daemon [_thread_blocked, id=14040, stack(0x0000005123800000,0x0000005123900000)]
  0x0000022d840d91d0 JavaThread "Signal Dispatcher" daemon [_thread_blocked, id=18628, stack(0x0000005123900000,0x0000005123a00000)]
  0x0000022d840d9a80 JavaThread "Attach Listener" daemon [_thread_blocked, id=24956, stack(0x0000005123a00000,0x0000005123b00000)]
  0x0000022d840dc480 JavaThread "Service Thread" daemon [_thread_blocked, id=3700, stack(0x0000005123b00000,0x0000005123c00000)]
  0x0000022d840ded40 JavaThread "Monitor Deflation Thread" daemon [_thread_blocked, id=22964, stack(0x0000005123c00000,0x0000005123d00000)]
  0x0000022d840edda0 JavaThread "C1 CompilerThread0" daemon [_thread_blocked, id=25096, stack(0x0000005123d00000,0x0000005123e00000)]
  0x0000022d840f16f0 JavaThread "Sweeper thread" daemon [_thread_blocked, id=21196, stack(0x0000005123e00000,0x0000005123f00000)]
  0x0000022d840af890 JavaThread "Common-Cleaner" daemon [_thread_blocked, id=3032, stack(0x0000005123f00000,0x0000005124000000)]
  0x0000022d884d6820 JavaThread "JDWP Transport Listener: dt_socket" daemon [_thread_blocked, id=18952, stack(0x0000005124200000,0x0000005124300000)]
  0x0000022d884da6f0 JavaThread "JDWP Event Helper Thread" daemon [_thread_blocked, id=24616, stack(0x0000005124300000,0x0000005124400000)]
  0x0000022d884dbbe0 JavaThread "JDWP Command Reader" daemon [_thread_in_native, id=24692, stack(0x0000005124400000,0x0000005124500000)]
  0x0000022d88cc78f0 JavaThread "Notification Thread" daemon [_thread_blocked, id=19536, stack(0x0000005124600000,0x0000005124700000)]
  0x0000022d884d7030 JavaThread "RMI TCP Accept-0" daemon [_thread_in_native, id=13416, stack(0x0000005124700000,0x0000005124800000)]
  0x0000022d88e154c0 JavaThread "RMI TCP Accept-49866" daemon [_thread_in_native, id=25072, stack(0x0000005124800000,0x0000005124900000)]
  0x0000022d88e46510 JavaThread "RMI TCP Accept-0" daemon [_thread_in_native, id=18012, stack(0x0000005124900000,0x0000005124a00000)]
  0x0000022d892d8ba0 JavaThread "Thread-0" [_thread_blocked, id=7936, stack(0x0000005125400000,0x0000005125500000)]
=>0x0000022d892712f0 JavaThread "restartedMain" [_thread_in_Java, id=20452, stack(0x0000005125500000,0x0000005125600000)]
  0x0000022d8957eac0 JavaThread "RMI TCP Connection(1)-127.0.0.1" daemon [_thread_in_native, id=2340, stack(0x0000005125700000,0x0000005125800000)]
  0x0000022d8960a960 JavaThread "RMI Scheduler(0)" daemon [_thread_blocked, id=24432, stack(0x0000005125800000,0x0000005125900000)]
  0x0000022d89001a60 JavaThread "RMI TCP Connection(2)-127.0.0.1" daemon [_thread_blocked, id=17272, stack(0x0000005125900000,0x0000005125a00000)]
  0x0000022d89002400 JavaThread "JMX server connection timeout 29" daemon [_thread_blocked, id=9340, stack(0x0000005125a00000,0x0000005125b00000)]
  0x0000022d89003270 JavaThread "mysql-cj-abandoned-connection-cleanup" daemon [_thread_blocked, id=13788, stack(0x0000005125600000,0x0000005125700000)]
  0x0000022d88fffd80 JavaThread "Catalina-utility-1" [_thread_blocked, id=22440, stack(0x0000005125b00000,0x0000005125c00000)]
  0x0000022d890010c0 JavaThread "Catalina-utility-2" [_thread_blocked, id=13692, stack(0x0000005125d00000,0x0000005125e00000)]
  0x0000022d89000720 JavaThread "container-0" [_thread_blocked, id=11764, stack(0x0000005125e00000,0x0000005125f00000)]
  0x0000022d8a84fbc0 JavaThread "HikariPool-1 housekeeper" daemon [_thread_blocked, id=9288, stack(0x0000005126000000,0x0000005126100000)]

Other Threads:
  0x0000022ded5a2450 VMThread "VM Thread" [stack: 0x0000005123600000,0x0000005123700000] [id=24900] _threads_hazard_ptr=0x0000022d8b114e20
  0x0000022ded518de0 WatcherThread "VM Periodic Task Thread" [stack: 0x0000005124a00000,0x0000005124b00000] [id=7480]
  0x0000022ded5877f0 WorkerThread "GC Thread#0" [stack: 0x0000005123100000,0x0000005123200000] [id=22812]
  0x0000022d88e63570 WorkerThread "GC Thread#1" [stack: 0x0000005124b00000,0x0000005124c00000] [id=5892]
  0x0000022d88e63810 WorkerThread "GC Thread#2" [stack: 0x0000005124c00000,0x0000005124d00000] [id=20576]
  0x0000022d88e63ab0 WorkerThread "GC Thread#3" [stack: 0x0000005124d00000,0x0000005124e00000] [id=25356]
  0x0000022d88e64160 WorkerThread "GC Thread#4" [stack: 0x0000005124e00000,0x0000005124f00000] [id=20208]
  0x0000022d88e76f10 WorkerThread "GC Thread#5" [stack: 0x0000005124f00000,0x0000005125000000] [id=22792]
  0x0000022d88e9f7f0 WorkerThread "GC Thread#6" [stack: 0x0000005125000000,0x0000005125100000] [id=22480]
  0x0000022d88ea12b0 WorkerThread "GC Thread#7" [stack: 0x0000005125100000,0x0000005125200000] [id=13236]
  0x0000022ded597ce0 ConcurrentGCThread "G1 Main Marker" [stack: 0x0000005123200000,0x0000005123300000] [id=24652]
  0x0000022deb52e400 WorkerThread "G1 Conc#0" [stack: 0x0000005123300000,0x0000005123400000] [id=17572]
  0x0000022d89922160 WorkerThread "G1 Conc#1" [stack: 0x0000005125c00000,0x0000005125d00000] [id=20380]
  0x0000022d83f78130 ConcurrentGCThread "G1 Refine#0" [stack: 0x0000005123400000,0x0000005123500000] [id=14456]
  0x0000022d8853b8b0 ConcurrentGCThread "G1 Refine#1" [stack: 0x0000005125200000,0x0000005125300000] [id=14296]
  0x0000022d8853c390 ConcurrentGCThread "G1 Refine#2" [stack: 0x0000005125300000,0x0000005125400000] [id=11184]
  0x0000022d83f787f0 ConcurrentGCThread "G1 Service" [stack: 0x0000005123500000,0x0000005123600000] [id=22752]

Threads with active compile tasks:

VM state: synchronizing (normal execution)

VM Mutex/Monitor currently owned by a thread:  ([mutex/lock_event])
[0x0000022ded5125f0] Threads_lock - owner thread: 0x0000022ded5a2450

Heap address: 0x0000000702800000, size: 4056 MB, Compressed Oops mode: Zero based, Oop shift amount: 3

CDS archive(s) mapped at: [0x0000000800000000-0x0000000800ba0000-0x0000000800ba0000), size 12189696, SharedBaseAddress: 0x0000000800000000, ArchiveRelocationMode: 0.
Compressed class space mapped at: 0x0000000800c00000-0x0000000840c00000, reserved size: 1073741824
Narrow klass base: 0x0000000800000000, Narrow klass shift: 0, Narrow klass range: 0x100000000

GC Precious Log:
 CardTable entry size: 512
 Card Set container configuration: InlinePtr #cards 4 size 8 Array Of Cards #cards 16 size 48 Howl #buckets 8 coarsen threshold 3686 Howl Bitmap #cards 512 size 80 coarsen threshold 460 Card regions per heap region 1 cards per card region 4096
 CPUs: 8 total, 8 available
 Memory: 16221M
 Large Page Support: Disabled
 NUMA Support: Disabled
 Compressed Oops: Enabled (Zero based)
 Heap Region Size: 2M
 Heap Min Capacity: 8M
 Heap Initial Capacity: 254M
 Heap Max Capacity: 4056M
 Pre-touch: Disabled
 Parallel Workers: 8
 Concurrent Workers: 2
 Concurrent Refinement Workers: 8
 Periodic GC: Disabled

Heap:
 garbage-first heap   total 116736K, used 49344K [0x0000000702800000, 0x0000000800000000)
  region size 2048K, 15 young (30720K), 4 survivors (8192K)
 Metaspace       used 60087K, committed 60672K, reserved 1114112K
  class space    used 8303K, committed 8576K, reserved 1048576K

Heap Regions: E=young(eden), S=young(survivor), O=old, HS=humongous(starts), HC=humongous(continues), CS=collection set, F=free, OA=open archive, CA=closed archive, TAMS=top-at-mark-start (previous, next)
|   0|0x0000000702800000, 0x0000000702a00000, 0x0000000702a00000|100%| O|  |TAMS 0x0000000702a00000, 0x0000000702800000| Untracked 
|   1|0x0000000702a00000, 0x0000000702c00000, 0x0000000702c00000|100%| O|  |TAMS 0x0000000702c00000, 0x0000000702a00000| Untracked 
|   2|0x0000000702c00000, 0x0000000702e00000, 0x0000000702e00000|100%| O|  |TAMS 0x0000000702e00000, 0x0000000702c00000| Untracked 
|   3|0x0000000702e00000, 0x0000000703000000, 0x0000000703000000|100%| O|  |TAMS 0x0000000703000000, 0x0000000702e00000| Untracked 
|   4|0x0000000703000000, 0x0000000703200000, 0x0000000703200000|100%| O|  |TAMS 0x0000000703200000, 0x0000000703000000| Untracked 
|   5|0x0000000703200000, 0x0000000703400000, 0x0000000703400000|100%| O|  |TAMS 0x0000000703400000, 0x0000000703200000| Untracked 
|   6|0x0000000703400000, 0x0000000703600000, 0x0000000703600000|100%| O|  |TAMS 0x0000000703600000, 0x0000000703400000| Untracked 
|   7|0x0000000703600000, 0x0000000703800000, 0x0000000703800000|100%| O|  |TAMS 0x0000000703800000, 0x0000000703600000| Untracked 
|   8|0x0000000703800000, 0x00000007038fe200, 0x0000000703a00000| 49%| O|  |TAMS 0x00000007038fe200, 0x0000000703800000| Untracked 
|   9|0x0000000703a00000, 0x0000000703c00000, 0x0000000703c00000|100%| O|  |TAMS 0x0000000703c00000, 0x0000000703a00000| Untracked 
|  10|0x0000000703c00000, 0x0000000703e00000, 0x0000000703e00000|100%| O|  |TAMS 0x0000000703d39600, 0x0000000703c00000| Untracked 
|  11|0x0000000703e00000, 0x0000000703ee5c00, 0x0000000704000000| 44%| O|  |TAMS 0x0000000703e00000, 0x0000000703e00000| Untracked 
|  12|0x0000000704000000, 0x0000000704000000, 0x0000000704200000|  0%| F|  |TAMS 0x0000000704000000, 0x0000000704000000| Untracked 
|  13|0x0000000704200000, 0x0000000704200000, 0x0000000704400000|  0%| F|  |TAMS 0x0000000704200000, 0x0000000704200000| Untracked 
|  14|0x0000000704400000, 0x0000000704400000, 0x0000000704600000|  0%| F|  |TAMS 0x0000000704400000, 0x0000000704400000| Untracked 
|  15|0x0000000704600000, 0x0000000704600000, 0x0000000704800000|  0%| F|  |TAMS 0x0000000704600000, 0x0000000704600000| Untracked 
|  16|0x0000000704800000, 0x0000000704800000, 0x0000000704a00000|  0%| F|  |TAMS 0x0000000704800000, 0x0000000704800000| Untracked 
|  17|0x0000000704a00000, 0x0000000704a00000, 0x0000000704c00000|  0%| F|  |TAMS 0x0000000704a00000, 0x0000000704a00000| Untracked 
|  18|0x0000000704c00000, 0x0000000704c00000, 0x0000000704e00000|  0%| F|  |TAMS 0x0000000704c00000, 0x0000000704c00000| Untracked 
|  19|0x0000000704e00000, 0x0000000704e00000, 0x0000000705000000|  0%| F|  |TAMS 0x0000000704e00000, 0x0000000704e00000| Untracked 
|  20|0x0000000705000000, 0x0000000705000000, 0x0000000705200000|  0%| F|  |TAMS 0x0000000705000000, 0x0000000705000000| Untracked 
|  21|0x0000000705200000, 0x0000000705200000, 0x0000000705400000|  0%| F|  |TAMS 0x0000000705200000, 0x0000000705200000| Untracked 
|  22|0x0000000705400000, 0x0000000705400000, 0x0000000705600000|  0%| F|  |TAMS 0x0000000705400000, 0x0000000705400000| Untracked 
|  23|0x0000000705600000, 0x0000000705600000, 0x0000000705800000|  0%| F|  |TAMS 0x0000000705600000, 0x0000000705600000| Untracked 
|  24|0x0000000705800000, 0x0000000705800000, 0x0000000705a00000|  0%| F|  |TAMS 0x0000000705800000, 0x0000000705800000| Untracked 
|  25|0x0000000705a00000, 0x0000000705a00000, 0x0000000705c00000|  0%| F|  |TAMS 0x0000000705a00000, 0x0000000705a00000| Untracked 
|  26|0x0000000705c00000, 0x0000000705c00000, 0x0000000705e00000|  0%| F|  |TAMS 0x0000000705c00000, 0x0000000705c00000| Untracked 
|  27|0x0000000705e00000, 0x0000000705e00000, 0x0000000706000000|  0%| F|  |TAMS 0x0000000705e00000, 0x0000000705e00000| Untracked 
|  28|0x0000000706000000, 0x0000000706000000, 0x0000000706200000|  0%| F|  |TAMS 0x0000000706000000, 0x0000000706000000| Untracked 
|  29|0x0000000706200000, 0x0000000706200000, 0x0000000706400000|  0%| F|  |TAMS 0x0000000706200000, 0x0000000706200000| Untracked 
|  30|0x0000000706400000, 0x0000000706400000, 0x0000000706600000|  0%| F|  |TAMS 0x0000000706400000, 0x0000000706400000| Untracked 
|  31|0x0000000706600000, 0x0000000706600000, 0x0000000706800000|  0%| F|  |TAMS 0x0000000706600000, 0x0000000706600000| Untracked 
|  32|0x0000000706800000, 0x0000000706800000, 0x0000000706a00000|  0%| F|  |TAMS 0x0000000706800000, 0x0000000706800000| Untracked 
|  33|0x0000000706a00000, 0x0000000706a00000, 0x0000000706c00000|  0%| F|  |TAMS 0x0000000706a00000, 0x0000000706a00000| Untracked 
|  34|0x0000000706c00000, 0x0000000706c00000, 0x0000000706e00000|  0%| F|  |TAMS 0x0000000706c00000, 0x0000000706c00000| Untracked 
|  35|0x0000000706e00000, 0x0000000706e00000, 0x0000000707000000|  0%| F|  |TAMS 0x0000000706e00000, 0x0000000706e00000| Untracked 
|  36|0x0000000707000000, 0x0000000707000000, 0x0000000707200000|  0%| F|  |TAMS 0x0000000707000000, 0x0000000707000000| Untracked 
|  37|0x0000000707200000, 0x000000070724c4d0, 0x0000000707400000| 14%| S|CS|TAMS 0x0000000707200000, 0x0000000707200000| Complete 
|  38|0x0000000707400000, 0x0000000707600000, 0x0000000707600000|100%| S|CS|TAMS 0x0000000707400000, 0x0000000707400000| Complete 
|  39|0x0000000707600000, 0x0000000707800000, 0x0000000707800000|100%| S|CS|TAMS 0x0000000707600000, 0x0000000707600000| Complete 
|  40|0x0000000707800000, 0x0000000707a00000, 0x0000000707a00000|100%| S|CS|TAMS 0x0000000707800000, 0x0000000707800000| Complete 
|  41|0x0000000707a00000, 0x0000000707a00000, 0x0000000707c00000|  0%| F|  |TAMS 0x0000000707a00000, 0x0000000707a00000| Untracked 
|  42|0x0000000707c00000, 0x0000000707c00000, 0x0000000707e00000|  0%| F|  |TAMS 0x0000000707c00000, 0x0000000707c00000| Untracked 
|  43|0x0000000707e00000, 0x0000000707e00000, 0x0000000708000000|  0%| F|  |TAMS 0x0000000707e00000, 0x0000000707e00000| Untracked 
|  44|0x0000000708000000, 0x0000000708000000, 0x0000000708200000|  0%| F|  |TAMS 0x0000000708000000, 0x0000000708000000| Untracked 
|  45|0x0000000708200000, 0x0000000708200000, 0x0000000708400000|  0%| F|  |TAMS 0x0000000708200000, 0x0000000708200000| Untracked 
|  46|0x0000000708400000, 0x00000007085a0120, 0x0000000708600000| 81%| E|  |TAMS 0x0000000708400000, 0x0000000708400000| Complete 
|  47|0x0000000708600000, 0x0000000708800000, 0x0000000708800000|100%| E|CS|TAMS 0x0000000708600000, 0x0000000708600000| Complete 
|  48|0x0000000708800000, 0x0000000708a00000, 0x0000000708a00000|100%| E|CS|TAMS 0x0000000708800000, 0x0000000708800000| Complete 
|  49|0x0000000708a00000, 0x0000000708c00000, 0x0000000708c00000|100%| E|CS|TAMS 0x0000000708a00000, 0x0000000708a00000| Complete 
|  50|0x0000000708c00000, 0x0000000708e00000, 0x0000000708e00000|100%| E|CS|TAMS 0x0000000708c00000, 0x0000000708c00000| Complete 
|  51|0x0000000708e00000, 0x0000000709000000, 0x0000000709000000|100%| E|CS|TAMS 0x0000000708e00000, 0x0000000708e00000| Complete 
|  52|0x0000000709000000, 0x0000000709200000, 0x0000000709200000|100%| E|CS|TAMS 0x0000000709000000, 0x0000000709000000| Complete 
|  53|0x0000000709200000, 0x0000000709400000, 0x0000000709400000|100%| E|CS|TAMS 0x0000000709200000, 0x0000000709200000| Complete 
|  54|0x0000000709400000, 0x0000000709600000, 0x0000000709600000|100%| E|CS|TAMS 0x0000000709400000, 0x0000000709400000| Complete 
| 125|0x0000000712200000, 0x0000000712400000, 0x0000000712400000|100%| E|CS|TAMS 0x0000000712200000, 0x0000000712200000| Complete 
| 126|0x0000000712400000, 0x0000000712600000, 0x0000000712600000|100%| E|CS|TAMS 0x0000000712400000, 0x0000000712400000| Complete 

Card table byte_map: [0x0000022df8740000,0x0000022df8f30000] _byte_map_base: 0x0000022df4f2c000

Marking Bits (Prev, Next): (CMBitMap*) 0x0000022deb52cf90, (CMBitMap*) 0x0000022deb52cf50
 Prev Bits: [0x0000022d80000000, 0x0000022d83f60000)
 Next Bits: [0x0000022df9720000, 0x0000022dfd680000)

Polling page: 0x0000022deb410000

Metaspace:

Usage:
  Non-class:     50.57 MB used.
      Class:      8.11 MB used.
       Both:     58.68 MB used.

Virtual space:
  Non-class space:       64.00 MB reserved,      50.88 MB ( 79%) committed,  1 nodes.
      Class space:        1.00 GB reserved,       8.38 MB ( <1%) committed,  1 nodes.
             Both:        1.06 GB reserved,      59.25 MB (  5%) committed. 

Chunk freelists:
   Non-Class:  976.00 KB
       Class:  3.58 MB
        Both:  4.53 MB

MaxMetaspaceSize: unlimited
CompressedClassSpaceSize: 1.00 GB
Initial GC threshold: 21.00 MB
Current GC threshold: 98.69 MB
CDS: on
MetaspaceReclaimPolicy: balanced
 - commit_granule_bytes: 65536.
 - commit_granule_words: 8192.
 - virtual_space_node_default_size: 8388608.
 - enlarge_chunks_in_place: 1.
 - new_chunks_are_fully_committed: 0.
 - uncommit_free_chunks: 1.
 - use_allocation_guard: 0.


Internal statistics:

num_allocs_failed_limit: 11.
num_arena_births: 686.
num_arena_deaths: 0.
num_vsnodes_births: 2.
num_vsnodes_deaths: 0.
num_space_committed: 948.
num_space_uncommitted: 0.
num_chunks_returned_to_freelist: 11.
num_chunks_taken_from_freelist: 2665.
num_chunk_merges: 11.
num_chunk_splits: 1937.
num_chunks_enlarged: 1554.
num_inconsistent_stats: 0.

CodeCache: size=49152Kb used=12274Kb max_used=13929Kb free=36877Kb
 bounds [0x0000022df4e40000, 0x0000022df5be0000, 0x0000022df7e40000]
 total_blobs=6823 nmethods=6164 adapters=584
 compilation: enabled
              stopped_count=0, restarted_count=0
 full_count=0

Compilation events (20 events):
Event: 7.878 Thread 0x0000022d840edda0 6155       1       java.io.ObjectInputStream$PeekInputStream::peek (49 bytes)
Event: 7.878 Thread 0x0000022d840edda0 nmethod 6155 0x0000022df4ffd790 code [0x0000022df4ffd940, 0x0000022df4ffdaa8]
Event: 8.987 Thread 0x0000022d840edda0 6156       1       java.io.ObjectInputStream$BlockDataInputStream::readByte (20 bytes)
Event: 8.987 Thread 0x0000022d840edda0 nmethod 6156 0x0000022df4ffd390 code [0x0000022df4ffd540, 0x0000022df4ffd6d8]
Event: 8.987 Thread 0x0000022d840edda0 6157       1       java.io.ObjectInputStream$BlockDataInputStream::read (62 bytes)
Event: 8.987 Thread 0x0000022d840edda0 nmethod 6157 0x0000022df4ffcf10 code [0x0000022df4ffd0c0, 0x0000022df4ffd298]
Event: 8.987 Thread 0x0000022d840edda0 6158       1       java.io.ObjectInputStream$PeekInputStream::read (47 bytes)
Event: 8.987 Thread 0x0000022d840edda0 nmethod 6158 0x0000022df4ffcb90 code [0x0000022df4ffcd40, 0x0000022df4ffcea8]
Event: 9.489 Thread 0x0000022d840edda0 6159       1       sun.util.logging.internal.LoggingProviderImpl$JULWrapper::toJUL (40 bytes)
Event: 9.489 Thread 0x0000022d840edda0 nmethod 6159 0x0000022df4ffc810 code [0x0000022df4ffc9a0, 0x0000022df4ffcab8]
Event: 10.544 Thread 0x0000022d840edda0 6160       1       javax.management.ObjectName::getDomainLength (9 bytes)
Event: 10.544 Thread 0x0000022d840edda0 nmethod 6160 0x0000022df4ffc510 code [0x0000022df4ffc6a0, 0x0000022df4ffc778]
Event: 11.651 Thread 0x0000022d840edda0 6161       1       java.io.ObjectInputStream$BlockDataInputStream::peekByte (20 bytes)
Event: 11.652 Thread 0x0000022d840edda0 nmethod 6161 0x0000022df4ffc110 code [0x0000022df4ffc2c0, 0x0000022df4ffc458]
Event: 11.652 Thread 0x0000022d840edda0 6162       1       java.io.ObjectInputStream$BlockDataInputStream::peek (55 bytes)
Event: 11.652 Thread 0x0000022d840edda0 nmethod 6162 0x0000022df4ffbc90 code [0x0000022df4ffbe40, 0x0000022df4ffc018]
Event: 12.204 Thread 0x0000022d840edda0 6163       1       java.io.ObjectStreamClass::getSuperDesc (9 bytes)
Event: 12.205 Thread 0x0000022d840edda0 nmethod 6163 0x0000022df4ffb890 code [0x0000022df4ffba40, 0x0000022df4ffbbc8]
Event: 12.205 Thread 0x0000022d840edda0 6164       1       java.io.ObjectStreamClass::getSerialVersionUID (42 bytes)
Event: 12.206 Thread 0x0000022d840edda0 nmethod 6164 0x0000022df4ffb210 code [0x0000022df4ffb3e0, 0x0000022df4ffb6c8]

GC Heap History (20 events):
Event: 1.703 GC heap before
{Heap before GC invocations=5 (full 0):
 garbage-first heap   total 69632K, used 15950K [0x0000000702800000, 0x0000000800000000)
  region size 2048K, 5 young (10240K), 4 survivors (8192K)
 Metaspace       used 23484K, committed 23808K, reserved 1114112K
  class space    used 3075K, committed 3200K, reserved 1048576K
}
Event: 1.707 GC heap after
{Heap after GC invocations=6 (full 0):
 garbage-first heap   total 69632K, used 14574K [0x0000000702800000, 0x0000000800000000)
  region size 2048K, 1 young (2048K), 1 survivors (2048K)
 Metaspace       used 23484K, committed 23808K, reserved 1114112K
  class space    used 3075K, committed 3200K, reserved 1048576K
}
Event: 1.950 GC heap before
{Heap before GC invocations=6 (full 0):
 garbage-first heap   total 69632K, used 45294K [0x0000000702800000, 0x0000000800000000)
  region size 2048K, 16 young (32768K), 1 survivors (2048K)
 Metaspace       used 25065K, committed 25408K, reserved 1114112K
  class space    used 3310K, committed 3456K, reserved 1048576K
}
Event: 1.952 GC heap after
{Heap after GC invocations=7 (full 0):
 garbage-first heap   total 110592K, used 14890K [0x0000000702800000, 0x0000000800000000)
  region size 2048K, 1 young (2048K), 1 survivors (2048K)
 Metaspace       used 25065K, committed 25408K, reserved 1114112K
  class space    used 3310K, committed 3456K, reserved 1048576K
}
Event: 2.531 GC heap before
{Heap before GC invocations=7 (full 0):
 garbage-first heap   total 110592K, used 76330K [0x0000000702800000, 0x0000000800000000)
  region size 2048K, 32 young (65536K), 1 survivors (2048K)
 Metaspace       used 29413K, committed 29760K, reserved 1114112K
  class space    used 3985K, committed 4160K, reserved 1048576K
}
Event: 2.534 GC heap after
{Heap after GC invocations=8 (full 0):
 garbage-first heap   total 110592K, used 17574K [0x0000000702800000, 0x0000000800000000)
  region size 2048K, 2 young (4096K), 2 survivors (4096K)
 Metaspace       used 29413K, committed 29760K, reserved 1114112K
  class space    used 3985K, committed 4160K, reserved 1048576K
}
Event: 2.987 GC heap before
{Heap before GC invocations=8 (full 0):
 garbage-first heap   total 110592K, used 79014K [0x0000000702800000, 0x0000000800000000)
  region size 2048K, 32 young (65536K), 2 survivors (4096K)
 Metaspace       used 34453K, committed 34880K, reserved 1114112K
  class space    used 4621K, committed 4864K, reserved 1048576K
}
Event: 2.992 GC heap after
{Heap after GC invocations=9 (full 0):
 garbage-first heap   total 110592K, used 20957K [0x0000000702800000, 0x0000000800000000)
  region size 2048K, 4 young (8192K), 4 survivors (8192K)
 Metaspace       used 34453K, committed 34880K, reserved 1114112K
  class space    used 4621K, committed 4864K, reserved 1048576K
}
Event: 3.143 GC heap before
{Heap before GC invocations=9 (full 0):
 garbage-first heap   total 110592K, used 37341K [0x0000000702800000, 0x0000000800000000)
  region size 2048K, 13 young (26624K), 4 survivors (8192K)
 Metaspace       used 35662K, committed 36096K, reserved 1114112K
  class space    used 4826K, committed 5056K, reserved 1048576K
}
Event: 3.148 GC heap after
{Heap after GC invocations=10 (full 0):
 garbage-first heap   total 110592K, used 21952K [0x0000000702800000, 0x0000000800000000)
  region size 2048K, 3 young (6144K), 3 survivors (6144K)
 Metaspace       used 35662K, committed 36096K, reserved 1114112K
  class space    used 4826K, committed 5056K, reserved 1048576K
}
Event: 3.469 GC heap before
{Heap before GC invocations=11 (full 0):
 garbage-first heap   total 96256K, used 71104K [0x0000000702800000, 0x0000000800000000)
  region size 2048K, 28 young (57344K), 3 survivors (6144K)
 Metaspace       used 40496K, committed 40896K, reserved 1114112K
  class space    used 5631K, committed 5824K, reserved 1048576K
}
Event: 3.472 GC heap after
{Heap after GC invocations=12 (full 0):
 garbage-first heap   total 96256K, used 22832K [0x0000000702800000, 0x0000000800000000)
  region size 2048K, 3 young (6144K), 3 survivors (6144K)
 Metaspace       used 40496K, committed 40896K, reserved 1114112K
  class space    used 5631K, committed 5824K, reserved 1048576K
}
Event: 3.842 GC heap before
{Heap before GC invocations=12 (full 0):
 garbage-first heap   total 96256K, used 71984K [0x0000000702800000, 0x0000000800000000)
  region size 2048K, 28 young (57344K), 3 survivors (6144K)
 Metaspace       used 47986K, committed 48448K, reserved 1114112K
  class space    used 6532K, committed 6720K, reserved 1048576K
}
Event: 3.847 GC heap after
{Heap after GC invocations=13 (full 0):
 garbage-first heap   total 96256K, used 24798K [0x0000000702800000, 0x0000000800000000)
  region size 2048K, 2 young (4096K), 2 survivors (4096K)
 Metaspace       used 47986K, committed 48448K, reserved 1114112K
  class space    used 6532K, committed 6720K, reserved 1048576K
}
Event: 4.138 GC heap before
{Heap before GC invocations=13 (full 0):
 garbage-first heap   total 96256K, used 75998K [0x0000000702800000, 0x0000000800000000)
  region size 2048K, 27 young (55296K), 2 survivors (4096K)
 Metaspace       used 52014K, committed 52544K, reserved 1114112K
  class space    used 7057K, committed 7296K, reserved 1048576K
}
Event: 4.142 GC heap after
{Heap after GC invocations=14 (full 0):
 garbage-first heap   total 116736K, used 26060K [0x0000000702800000, 0x0000000800000000)
  region size 2048K, 3 young (6144K), 3 survivors (6144K)
 Metaspace       used 52014K, committed 52544K, reserved 1114112K
  class space    used 7057K, committed 7296K, reserved 1048576K
}
Event: 4.655 GC heap before
{Heap before GC invocations=14 (full 0):
 garbage-first heap   total 116736K, used 89548K [0x0000000702800000, 0x0000000800000000)
  region size 2048K, 34 young (69632K), 3 survivors (6144K)
 Metaspace       used 57104K, committed 57728K, reserved 1114112K
  class space    used 7884K, committed 8192K, reserved 1048576K
}
Event: 4.659 GC heap after
{Heap after GC invocations=15 (full 0):
 garbage-first heap   total 116736K, used 27887K [0x0000000702800000, 0x0000000800000000)
  region size 2048K, 4 young (8192K), 4 survivors (8192K)
 Metaspace       used 57104K, committed 57728K, reserved 1114112K
  class space    used 7884K, committed 8192K, reserved 1048576K
}
Event: 4.878 GC heap before
{Heap before GC invocations=15 (full 0):
 garbage-first heap   total 116736K, used 58607K [0x0000000702800000, 0x0000000800000000)
  region size 2048K, 20 young (40960K), 4 survivors (8192K)
 Metaspace       used 59890K, committed 60480K, reserved 1114112K
  class space    used 8270K, committed 8512K, reserved 1048576K
}
Event: 4.884 GC heap after
{Heap after GC invocations=16 (full 0):
 garbage-first heap   total 116736K, used 28864K [0x0000000702800000, 0x0000000800000000)
  region size 2048K, 4 young (8192K), 4 survivors (8192K)
 Metaspace       used 59890K, committed 60480K, reserved 1114112K
  class space    used 8270K, committed 8512K, reserved 1048576K
}

Deoptimization events (20 events):
Event: 8.434 Thread 0x0000022d89001a60 DEOPT PACKING pc=0x0000022df584538c sp=0x00000051259fecb0
Event: 8.434 Thread 0x0000022d89001a60 DEOPT UNPACKING pc=0x0000022df4e92b43 sp=0x00000051259fe200 mode 1
Event: 8.987 Thread 0x0000022d89001a60 DEOPT PACKING pc=0x0000022df584538c sp=0x00000051259fecb0
Event: 8.987 Thread 0x0000022d89001a60 DEOPT UNPACKING pc=0x0000022df4e92b43 sp=0x00000051259fe200 mode 1
Event: 9.489 Thread 0x0000022d89001a60 DEOPT PACKING pc=0x0000022df584538c sp=0x00000051259fecb0
Event: 9.489 Thread 0x0000022d89001a60 DEOPT UNPACKING pc=0x0000022df4e92b43 sp=0x00000051259fe200 mode 1
Event: 10.042 Thread 0x0000022d89001a60 DEOPT PACKING pc=0x0000022df584538c sp=0x00000051259fecb0
Event: 10.042 Thread 0x0000022d89001a60 DEOPT UNPACKING pc=0x0000022df4e92b43 sp=0x00000051259fe200 mode 1
Event: 10.544 Thread 0x0000022d89001a60 DEOPT PACKING pc=0x0000022df584538c sp=0x00000051259fecb0
Event: 10.544 Thread 0x0000022d89001a60 DEOPT UNPACKING pc=0x0000022df4e92b43 sp=0x00000051259fe200 mode 1
Event: 11.097 Thread 0x0000022d89001a60 DEOPT PACKING pc=0x0000022df584538c sp=0x00000051259fecb0
Event: 11.097 Thread 0x0000022d89001a60 DEOPT UNPACKING pc=0x0000022df4e92b43 sp=0x00000051259fe200 mode 1
Event: 11.652 Thread 0x0000022d89001a60 DEOPT PACKING pc=0x0000022df584538c sp=0x00000051259fecb0
Event: 11.652 Thread 0x0000022d89001a60 DEOPT UNPACKING pc=0x0000022df4e92b43 sp=0x00000051259fe200 mode 1
Event: 12.205 Thread 0x0000022d89001a60 DEOPT PACKING pc=0x0000022df584538c sp=0x00000051259fecb0
Event: 12.205 Thread 0x0000022d89001a60 DEOPT UNPACKING pc=0x0000022df4e92b43 sp=0x00000051259fe200 mode 1
Event: 12.707 Thread 0x0000022d89001a60 DEOPT PACKING pc=0x0000022df584538c sp=0x00000051259fecb0
Event: 12.707 Thread 0x0000022d89001a60 DEOPT UNPACKING pc=0x0000022df4e92b43 sp=0x00000051259fe200 mode 1
Event: 13.147 Thread 0x0000022d892712f0 DEOPT PACKING pc=0x0000022df53e947c sp=0x00000051255fe3a0
Event: 13.147 Thread 0x0000022d892712f0 DEOPT UNPACKING pc=0x0000022df4e92b43 sp=0x00000051255fd858 mode 0

Classes loaded (20 events):
Event: 4.867 Loading class java/util/regex/Pattern$Behind
Event: 4.867 Loading class java/util/regex/Pattern$Behind done
Event: 4.912 Loading class java/lang/ObjectCustomizer
Event: 4.912 Loading class java/lang/ObjectCustomizer done
Event: 4.912 Loading class java/lang/ObjectCustomizer
Event: 4.912 Loading class java/lang/ObjectCustomizer done
Event: 4.938 Loading class java/lang/ObjectCustomizer
Event: 4.938 Loading class java/lang/ObjectCustomizer done
Event: 4.938 Loading class java/lang/ObjectCustomizer
Event: 4.938 Loading class java/lang/ObjectCustomizer done
Event: 4.964 Loading class java/lang/ObjectCustomizer
Event: 4.964 Loading class java/lang/ObjectCustomizer done
Event: 4.964 Loading class java/lang/ObjectCustomizer
Event: 4.964 Loading class java/lang/ObjectCustomizer done
Event: 4.970 Loading class java/util/WeakHashMap$KeyIterator
Event: 4.970 Loading class java/util/WeakHashMap$KeyIterator done
Event: 4.971 Loading class java/lang/ObjectCustomizer
Event: 4.971 Loading class java/lang/ObjectCustomizer done
Event: 4.971 Loading class java/lang/ObjectCustomizer
Event: 4.971 Loading class java/lang/ObjectCustomizer done

Classes unloaded (0 events):
No events

Classes redefined (1 events):
Event: 13.161 Thread 0x0000022ded5a2450 redefined class name=com.screen.controller.UserController, count=1

Internal exceptions (20 events):
Event: 4.608 Thread 0x0000022d892712f0 Exception <a 'java/lang/ClassNotFoundException'{0x00000007063bc6c8}: java/lang/ObjectCustomizer> (0x00000007063bc6c8) 
thrown [s\open\src\hotspot\share\classfile\systemDictionary.cpp, line 255]
Event: 4.609 Thread 0x0000022d892712f0 Exception <a 'java/lang/ClassNotFoundException'{0x00000007063c5100}: org/springframework/core/io/support/PropertiesLoaderSupportCustomizer> (0x00000007063c5100) 
thrown [s\open\src\hotspot\share\classfile\systemDictionary.cpp, line 255]
Event: 4.610 Thread 0x0000022d892712f0 Exception <a 'java/lang/ClassNotFoundException'{0x00000007063d3410}: org/springframework/beans/factory/config/PropertiesFactoryBeanCustomizer> (0x00000007063d3410) 
thrown [s\open\src\hotspot\share\classfile\systemDictionary.cpp, line 255]
Event: 4.610 Thread 0x0000022d892712f0 Exception <a 'java/lang/ClassNotFoundException'{0x00000007063e8ee0}: org/springframework/beans/factory/FactoryBeanCustomizer> (0x00000007063e8ee0) 
thrown [s\open\src\hotspot\share\classfile\systemDictionary.cpp, line 255]
Event: 4.611 Thread 0x0000022d892712f0 Exception <a 'java/lang/ClassNotFoundException'{0x00000007063f0c60}: org/springframework/beans/factory/InitializingBeanCustomizer> (0x00000007063f0c60) 
thrown [s\open\src\hotspot\share\classfile\systemDictionary.cpp, line 255]
Event: 4.671 Thread 0x0000022d892712f0 Exception <a 'java/lang/IncompatibleClassChangeError'{0x00000007125ef790}: Found class java.lang.Object, but interface was expected> (0x00000007125ef790) 
thrown [s\open\src\hotspot\share\interpreter\linkResolver.cpp, line 826]
Event: 4.737 Thread 0x0000022d892712f0 Exception <a 'java/lang/ClassNotFoundException'{0x0000000708c0a9f8}: java/lang/ObjectCustomizer> (0x0000000708c0a9f8) 
thrown [s\open\src\hotspot\share\classfile\systemDictionary.cpp, line 255]
Event: 4.737 Thread 0x0000022d892712f0 Exception <a 'java/lang/ClassNotFoundException'{0x0000000708c137c0}: com/screen/entity/UserCustomizer> (0x0000000708c137c0) 
thrown [s\open\src\hotspot\share\classfile\systemDictionary.cpp, line 255]
Event: 4.750 Thread 0x0000022d892712f0 Exception <a 'java/lang/NoSuchMethodError'{0x0000000708db9560}: 'int java.lang.invoke.DirectMethodHandle$Holder.invokeVirtual(java.lang.Object, java.lang.Object, java.lang.Object)'> (0x0000000708db9560) 
thrown [s\open\src\hotspot\share\interpreter\linkResolver.cpp, line 759]
Event: 4.776 Thread 0x0000022d892712f0 Exception <a 'java/lang/IncompatibleClassChangeError'{0x00000007088b9638}: Found class java.lang.Object, but interface was expected> (0x00000007088b9638) 
thrown [s\open\src\hotspot\share\interpreter\linkResolver.cpp, line 826]
Event: 4.840 Thread 0x0000022d892712f0 Exception <a 'java/lang/NoSuchMethodError'{0x0000000707ef5250}: 'java.lang.Object java.lang.invoke.DirectMethodHandle$Holder.invokeStatic(java.lang.Object, java.lang.Object, int, java.lang.Object)'> (0x0000000707ef5250) 
thrown [s\open\src\hotspot\share\interpreter\linkResolver.cpp, line 759]
Event: 4.844 Thread 0x0000022d892712f0 Exception <a 'java/lang/IncompatibleClassChangeError'{0x0000000707f6ae20}: Found class java.lang.Object, but interface was expected> (0x0000000707f6ae20) 
thrown [s\open\src\hotspot\share\interpreter\linkResolver.cpp, line 826]
Event: 4.912 Thread 0x0000022d892712f0 Exception <a 'java/lang/ClassNotFoundException'{0x000000071256eeb0}: java/lang/ObjectCustomizer> (0x000000071256eeb0) 
thrown [s\open\src\hotspot\share\classfile\systemDictionary.cpp, line 255]
Event: 4.913 Thread 0x0000022d892712f0 Exception <a 'java/lang/ClassNotFoundException'{0x0000000712577ce8}: com/screen/entity/ECodesCustomizer> (0x0000000712577ce8) 
thrown [s\open\src\hotspot\share\classfile\systemDictionary.cpp, line 255]
Event: 4.938 Thread 0x0000022d892712f0 Exception <a 'java/lang/ClassNotFoundException'{0x00000007092c97b8}: java/lang/ObjectCustomizer> (0x00000007092c97b8) 
thrown [s\open\src\hotspot\share\classfile\systemDictionary.cpp, line 255]
Event: 4.939 Thread 0x0000022d892712f0 Exception <a 'java/lang/ClassNotFoundException'{0x00000007092d2580}: com/screen/entity/LineCustomizer> (0x00000007092d2580) 
thrown [s\open\src\hotspot\share\classfile\systemDictionary.cpp, line 255]
Event: 4.964 Thread 0x0000022d892712f0 Exception <a 'java/lang/ClassNotFoundException'{0x0000000708d179a8}: java/lang/ObjectCustomizer> (0x0000000708d179a8) 
thrown [s\open\src\hotspot\share\classfile\systemDictionary.cpp, line 255]
Event: 4.965 Thread 0x0000022d892712f0 Exception <a 'java/lang/ClassNotFoundException'{0x0000000708d20c00}: com/screen/entity/EConfigDedParamsHdrCustomizer> (0x0000000708d20c00) 
thrown [s\open\src\hotspot\share\classfile\systemDictionary.cpp, line 255]
Event: 4.971 Thread 0x0000022d892712f0 Exception <a 'java/lang/ClassNotFoundException'{0x0000000708d8bea0}: java/lang/ObjectCustomizer> (0x0000000708d8bea0) 
thrown [s\open\src\hotspot\share\classfile\systemDictionary.cpp, line 255]
Event: 4.972 Thread 0x0000022d892712f0 Exception <a 'java/lang/ClassNotFoundException'{0x0000000708d95118}: com/screen/entity/EConfigDedParamsDtlsCustomizer> (0x0000000708d95118) 
thrown [s\open\src\hotspot\share\classfile\systemDictionary.cpp, line 255]

VM Operations (20 events):
Event: 5.190 Executing VM operation: get/set locals
Event: 5.190 Executing VM operation: get/set locals done
Event: 5.191 Executing VM operation: get/set locals
Event: 5.191 Executing VM operation: get/set locals done
Event: 5.191 Executing VM operation: get/set locals
Event: 5.191 Executing VM operation: get/set locals done
Event: 5.193 Executing VM operation: get/set locals
Event: 5.193 Executing VM operation: get/set locals done
Event: 5.194 Executing VM operation: get/set locals
Event: 5.194 Executing VM operation: get/set locals done
Event: 5.195 Executing VM operation: get/set locals
Event: 5.195 Executing VM operation: get/set locals done
Event: 13.147 Executing VM operation: ChangeSingleStep
Event: 13.147 Executing VM operation: ChangeSingleStep done
Event: 13.147 Executing VM operation: ChangeSingleStep
Event: 13.148 Executing VM operation: ChangeSingleStep done
Event: 13.157 Executing VM operation: RedefineClasses
Event: 13.174 Executing VM operation: RedefineClasses done
Event: 13.174 Executing VM operation: ChangeSingleStep
Event: 13.174 Executing VM operation: ChangeSingleStep done

Events (20 events):
Event: 0.749 Thread 0x0000022d892712f0 Thread added: 0x0000022d892712f0
Event: 1.016 Thread 0x0000022d8957cfd0 Thread added: 0x0000022d8957cfd0
Event: 1.021 Thread 0x0000022d8957eac0 Thread added: 0x0000022d8957eac0
Event: 1.031 Thread 0x0000022d8960a960 Thread added: 0x0000022d8960a960
Event: 1.032 Thread 0x0000022d89001a60 Thread added: 0x0000022d89001a60
Event: 1.045 Thread 0x0000022d89002400 Thread added: 0x0000022d89002400
Event: 1.319 Thread 0x0000022d89000250 Thread added: 0x0000022d89000250
Event: 1.414 Thread 0x0000022d89000250 Thread exited: 0x0000022d89000250
Event: 1.483 Thread 0x0000022d8957cfd0 Thread exited: 0x0000022d8957cfd0
Event: 2.691 Loaded shared library C:\Program Files\Java\jdk-18.0.2\bin\sunmscapi.dll
Event: 3.003 Thread 0x0000022d89003270 Thread added: 0x0000022d89003270
Event: 3.113 Thread 0x0000022d88fffd80 Thread added: 0x0000022d88fffd80
Event: 3.115 Thread 0x0000022d890010c0 Thread added: 0x0000022d890010c0
Event: 3.119 Thread 0x0000022d89000720 Thread added: 0x0000022d89000720
Event: 3.756 Thread 0x0000022d8a84fbc0 Thread added: 0x0000022d8a84fbc0
Event: 3.874 Thread 0x0000022d8a853580 Thread added: 0x0000022d8a853580
Event: 6.317 Thread 0x0000022d8847aae0 Thread exited: 0x0000022d8847aae0
Event: 6.317 Thread 0x0000022d8847b500 Thread exited: 0x0000022d8847b500
Event: 6.317 Thread 0x0000022d8847ba10 Thread exited: 0x0000022d8847ba10
Event: 8.997 Thread 0x0000022d8a853580 Thread exited: 0x0000022d8a853580


Dynamic libraries:
0x00007ff747b30000 - 0x00007ff747b40000 	C:\Program Files\Java\jdk-18.0.2\bin\javaw.exe
0x00007ffe76630000 - 0x00007ffe76828000 	C:\Windows\SYSTEM32\ntdll.dll
0x00007ffe748e0000 - 0x00007ffe7499d000 	C:\Windows\System32\KERNEL32.DLL
0x00007ffe73d40000 - 0x00007ffe74036000 	C:\Windows\System32\KERNELBASE.dll
0x00007ffe743e0000 - 0x00007ffe744e0000 	C:\Windows\System32\ucrtbase.dll
0x00007ffe59010000 - 0x00007ffe5902a000 	C:\Program Files\Java\jdk-18.0.2\bin\VCRUNTIME140.dll
0x00007ffe40e10000 - 0x00007ffe40e28000 	C:\Program Files\Java\jdk-18.0.2\bin\jli.dll
0x00007ffe74b80000 - 0x00007ffe74c2e000 	C:\Windows\System32\ADVAPI32.dll
0x00007ffe75b40000 - 0x00007ffe75bde000 	C:\Windows\System32\msvcrt.dll
0x00007ffe750b0000 - 0x00007ffe7514c000 	C:\Windows\System32\sechost.dll
0x00007ffe74a50000 - 0x00007ffe74b76000 	C:\Windows\System32\RPCRT4.dll
0x00007ffe74740000 - 0x00007ffe748de000 	C:\Windows\System32\USER32.dll
0x00007ffe4de40000 - 0x00007ffe4e0da000 	C:\Windows\WinSxS\amd64_microsoft.windows.common-controls_6595b64144ccf1df_6.0.19041.1110_none_60b5254171f9507e\COMCTL32.dll
0x00007ffe73ce0000 - 0x00007ffe73d02000 	C:\Windows\System32\win32u.dll
0x00007ffe76330000 - 0x00007ffe7635c000 	C:\Windows\System32\GDI32.dll
0x00007ffe742c0000 - 0x00007ffe743da000 	C:\Windows\System32\gdi32full.dll
0x00007ffe744e0000 - 0x00007ffe7457d000 	C:\Windows\System32\msvcp_win.dll
0x00007ffe6da20000 - 0x00007ffe6da2a000 	C:\Windows\SYSTEM32\VERSION.dll
0x00007ffe751c0000 - 0x00007ffe751f0000 	C:\Windows\System32\IMM32.DLL
0x00007ffe6c6d0000 - 0x00007ffe6c6dc000 	C:\Program Files\Java\jdk-18.0.2\bin\vcruntime140_1.dll
0x00007ffe24630000 - 0x00007ffe246bd000 	C:\Program Files\Java\jdk-18.0.2\bin\msvcp140.dll
0x00007ffdeadc0000 - 0x00007ffdeb9d1000 	C:\Program Files\Java\jdk-18.0.2\bin\server\jvm.dll
0x00007ffe751b0000 - 0x00007ffe751b8000 	C:\Windows\System32\PSAPI.DLL
0x00007ffe56c50000 - 0x00007ffe56c59000 	C:\Windows\SYSTEM32\WSOCK32.dll
0x00007ffe5a7d0000 - 0x00007ffe5a7f7000 	C:\Windows\SYSTEM32\WINMM.dll
0x00007ffe760b0000 - 0x00007ffe7611b000 	C:\Windows\System32\WS2_32.dll
0x00007ffe72650000 - 0x00007ffe72662000 	C:\Windows\SYSTEM32\kernel.appcore.dll
0x00007ffe5df00000 - 0x00007ffe5df0a000 	C:\Program Files\Java\jdk-18.0.2\bin\jimage.dll
0x00007ffe71610000 - 0x00007ffe717f4000 	C:\Windows\SYSTEM32\DBGHELP.DLL
0x00007ffe5e9d0000 - 0x00007ffe5ea04000 	C:\Windows\SYSTEM32\dbgcore.DLL
0x00007ffe74580000 - 0x00007ffe74602000 	C:\Windows\System32\bcryptPrimitives.dll
0x00007ffe3b5f0000 - 0x00007ffe3b62b000 	C:\Program Files\Java\jdk-18.0.2\bin\jdwp.dll
0x00007ffe59000000 - 0x00007ffe5900e000 	C:\Program Files\Java\jdk-18.0.2\bin\instrument.dll
0x00007ffe40cb0000 - 0x00007ffe40cd5000 	C:\Program Files\Java\jdk-18.0.2\bin\java.dll
0x00007ffe252b0000 - 0x00007ffe25386000 	C:\Program Files\Java\jdk-18.0.2\bin\jsvml.dll
0x00007ffe752d0000 - 0x00007ffe75a15000 	C:\Windows\System32\SHELL32.dll
0x00007ffe71b70000 - 0x00007ffe7230b000 	C:\Windows\SYSTEM32\windows.storage.dll
0x00007ffe74c30000 - 0x00007ffe74f84000 	C:\Windows\System32\combase.dll
0x00007ffe73650000 - 0x00007ffe7367e000 	C:\Windows\SYSTEM32\Wldp.dll
0x00007ffe749a0000 - 0x00007ffe74a4d000 	C:\Windows\System32\SHCORE.dll
0x00007ffe75150000 - 0x00007ffe751a5000 	C:\Windows\System32\shlwapi.dll
0x00007ffe73c10000 - 0x00007ffe73c35000 	C:\Windows\SYSTEM32\profapi.dll
0x00007ffe598f0000 - 0x00007ffe598fc000 	C:\Program Files\Java\jdk-18.0.2\bin\dt_socket.dll
0x00007ffe730a0000 - 0x00007ffe730db000 	C:\Windows\SYSTEM32\IPHLPAPI.DLL
0x00007ffe733b0000 - 0x00007ffe7341a000 	C:\Windows\system32\mswsock.dll
0x00007ffe730e0000 - 0x00007ffe731aa000 	C:\Windows\SYSTEM32\DNSAPI.dll
0x00007ffe74f90000 - 0x00007ffe74f98000 	C:\Windows\System32\NSI.dll
0x00007ffe67300000 - 0x00007ffe6730a000 	C:\Windows\System32\rasadhlp.dll
0x00007ffe6edb0000 - 0x00007ffe6ee32000 	C:\Windows\System32\fwpuclnt.dll
0x00007ffe73d10000 - 0x00007ffe73d37000 	C:\Windows\System32\bcrypt.dll
0x00007ffe40c90000 - 0x00007ffe40ca8000 	C:\Program Files\Java\jdk-18.0.2\bin\zip.dll
0x00007ffe3a540000 - 0x00007ffe3a553000 	C:\Program Files\Java\jdk-18.0.2\bin\net.dll
0x00007ffe6b710000 - 0x00007ffe6b81a000 	C:\Windows\SYSTEM32\WINHTTP.dll
0x00007ffe39a80000 - 0x00007ffe39a96000 	C:\Program Files\Java\jdk-18.0.2\bin\nio.dll
0x00007ffe5f7f0000 - 0x00007ffe5f7f9000 	C:\Program Files\Java\jdk-18.0.2\bin\management.dll
0x00007ffe58ff0000 - 0x00007ffe58ffb000 	C:\Program Files\Java\jdk-18.0.2\bin\management_ext.dll
0x00007ffe4d660000 - 0x00007ffe4d677000 	C:\Windows\system32\napinsp.dll
0x00007ffe4d640000 - 0x00007ffe4d65b000 	C:\Windows\system32\pnrpnsp.dll
0x00007ffe4d070000 - 0x00007ffe4d085000 	C:\Windows\system32\wshbth.dll
0x00007ffe6c5e0000 - 0x00007ffe6c5fd000 	C:\Windows\system32\NLAapi.dll
0x00007ffe4d050000 - 0x00007ffe4d062000 	C:\Windows\System32\winrnr.dll
0x00007ffe735a0000 - 0x00007ffe735b8000 	C:\Windows\SYSTEM32\CRYPTSP.dll
0x00007ffe72cc0000 - 0x00007ffe72cf4000 	C:\Windows\system32\rsaenh.dll
0x00007ffe73bd0000 - 0x00007ffe73bfe000 	C:\Windows\SYSTEM32\USERENV.dll
0x00007ffe735c0000 - 0x00007ffe735cc000 	C:\Windows\SYSTEM32\CRYPTBASE.dll
0x00007ffe6ed80000 - 0x00007ffe6ed97000 	C:\Windows\SYSTEM32\dhcpcsvc6.DLL
0x00007ffe6ed60000 - 0x00007ffe6ed7d000 	C:\Windows\SYSTEM32\dhcpcsvc.DLL
0x00007ffe6c700000 - 0x00007ffe6c710000 	C:\Program Files\Java\jdk-18.0.2\bin\verify.dll
0x00007ffe6ba10000 - 0x00007ffe6ba1e000 	C:\Program Files\Java\jdk-18.0.2\bin\sunmscapi.dll
0x00007ffe74160000 - 0x00007ffe742be000 	C:\Windows\System32\CRYPT32.dll
0x00007ffe736c0000 - 0x00007ffe736e8000 	C:\Windows\SYSTEM32\ncrypt.dll
0x00007ffe73680000 - 0x00007ffe736bb000 	C:\Windows\SYSTEM32\NTASN1.dll

dbghelp: loaded successfully - version: 4.0.5 - missing functions: none
symbol engine: initialized successfully - sym options: 0x614 - pdb path: .;C:\Program Files\Java\jdk-18.0.2\bin;C:\Windows\SYSTEM32;C:\Windows\WinSxS\amd64_microsoft.windows.common-controls_6595b64144ccf1df_6.0.19041.1110_none_60b5254171f9507e;C:\Program Files\Java\jdk-18.0.2\bin\server

VM Arguments:
jvm_args: -XX:+ShowCodeDetailsInExceptionMessages -agentlib:jdwp=transport=dt_socket,suspend=y,address=localhost:49868 -Dcom.sun.management.jmxremote -Dcom.sun.management.jmxremote.port=49866 -Dcom.sun.management.jmxremote.authenticate=false -Dcom.sun.management.jmxremote.ssl=false -Djava.rmi.server.hostname=localhost -Dspring.jmx.enabled=true -Dmanagement.endpoints.jmx.exposure.include=* -Dspring.application.admin.enabled=true -XX:TieredStopAtLevel=1 -Dspring.boot.project.name=TaskScreen -javaagent:C:\Users\shubham.sharma\eclipse\jee-2023-06\eclipse\configuration\org.eclipse.osgi\430\0\.cp\lib\javaagent-shaded.jar -Dfile.encoding=UTF-8 
java_command: com.screen.TaskScreenApplication --spring.output.ansi.enabled=always
java_class_path (initial): C:\Users\shubham.sharma\Desktop\mt11\TaskScreen\target\classes;C:\Users\shubham.sharma\.m2\repository\org\springframework\boot\spring-boot-starter-actuator\2.7.7\spring-boot-starter-actuator-2.7.7.jar;C:\Users\shubham.sharma\.m2\repository\org\springframework\boot\spring-boot-starter\2.7.7\spring-boot-starter-2.7.7.jar;C:\Users\shubham.sharma\.m2\repository\org\springframework\boot\spring-boot-starter-logging\2.7.7\spring-boot-starter-logging-2.7.7.jar;C:\Users\shubham.sharma\.m2\repository\ch\qos\logback\logback-classic\1.2.11\logback-classic-1.2.11.jar;C:\Users\shubham.sharma\.m2\repository\ch\qos\logback\logback-core\1.2.11\logback-core-1.2.11.jar;C:\Users\shubham.sharma\.m2\repository\org\apache\logging\log4j\log4j-to-slf4j\2.17.2\log4j-to-slf4j-2.17.2.jar;C:\Users\shubham.sharma\.m2\repository\org\apache\logging\log4j\log4j-api\2.17.2\log4j-api-2.17.2.jar;C:\Users\shubham.sharma\.m2\repository\org\slf4j\jul-to-slf4j\1.7.36\jul-to-slf4j-1.7.36.jar;C:\Users\shubham.sharma\.m2\repository\org\yaml\snakeyaml\1.30\snakeyaml-1.30.jar;C:\Users\shubham.sharma\.m2\repository\org\springframework\boot\spring-boot-actuator-autoconfigure\2.7.7\spring-boot-actuator-autoconfigure-2.7.7.jar;C:\Users\shubham.sharma\.m2\repository\org\springframework\boot\spring-boot-actuator\2.7.7\spring-boot-actuator-2.7.7.jar;C:\Users\shubham.sharma\.m2\repository\com\fasterxml\jackson\core\jackson-databind\2.13.4.2\jackson-databind-2.13.4.2.jar;C:\Users\shubham.sharma\.m2\repository\com\fasterxml\jackson\core\jackson-annotations\2.13.4\jackson-annotations-2.13.4.jar;C:\Users\shubham.sharma\.m2\repository\com\fasterxml\jackson\core\jackson-core\2.13.4\jackson-core-2.13.4.jar;C:\Users\shubham.sharma\.m2\repository\com\fasterxml\jackson\datatype\jackson-datatype-jsr310\2.13.4\jackson-datatype-jsr310-2.13.4.jar;C:\Users\shubham.sharma\.m2\repository\io\micrometer\micrometer-core\1.9.6\micrometer-core-1.9.6.jar;C:\Users\shubham.sharma\.m2\repository\org\hdrhistogram\HdrHistogram\2.1.12\HdrHistogram-2.1.12.jar;C:\Users\shubham.sharma\.m2\repository\org\latencyutils\LatencyUtils\2.0.3\LatencyUtils-2.0.3.jar;C:\Users\shubham.sharma\.m2\repository\org\springframework\boot\spring-boot-starter-data-jpa\2.7.7\spring-boot-starter-data-jpa-2.7.7.jar;C:\Users\shubham.sharma\.m2\repository\org\springframework\boot\spring-boot-starter-aop\2.7.7\spring-boot-starter-aop-2.7.7.jar;C:\Users\shubham.sharma\.m2\repository\org\aspectj\aspectjweaver\1.9.7\aspectjweaver-1.9.7.jar;C:\Users\shubham.sharma\.m2\repository\org\springframework\boot\spring-boot-starter-jdbc\2.7.7\spring-boot-starter-jdbc-2.7.7.jar;C:\Users\shubham.sharma\.m2\repository\com\zaxxer\HikariCP\4.0.3\HikariCP-4.0.3.jar;C:\Users\shubham.sharma\.m2\repository\org\springframework\spring-jdbc\5.3.24\spring-jdbc-5.3.24.jar;C:\Users\shubham.sharma\.m2\repository\jakarta\transaction\jakarta.transaction-api\1.3.3\jakarta.transaction-api-1.3.3.jar;C:\Users\shubham.sharma\.m2\repository\jakarta\persistence\jakarta.persistence-api\2.2.3\jakarta.persistence-api-2.2.3.jar;C:\Users\shubham.sharma\.m2\repository\org\hibernate\hibernate-core\5.6.14.Final\hibernate-core-5.6.14.Final.jar;C:\Users\shubham.sharma\.m2\repository\org\jboss\logging\jboss-logging\3.4.3.Final\jboss-logging-3.4.3.Final.jar;C:\Users\shubham.sharma\.m2\repository\net\bytebuddy\byte-buddy\1.12.20\byte-buddy-1.12.20.jar;C:\Users\shubham.sharma\.m2\repository\antlr\antlr\2.7.7\antlr-2.7.7.jar;C:\Users\shubham.sharma\.m2\repository\org\jboss\jandex\2.4.2.Final\jandex-2.4.2.Final.jar;C:\Users\shubham.sharma\.m2\repository\com\fasterxml\classmate\1.5.1\classmate-1.5.1.jar;C:\Users\shubham.sharma\.m2\repository\org\hibernate\common\hibernate-commons-annotations\5.1.2.Final\hibernate-commons-annotations-5.1.2.Final.jar;C:\Users\shubham.sharma\.m2\repository\org\glassfish\jaxb\jaxb-runtime\2.3.7\jaxb-runtime-2.3.7.jar;C:\Users\shubham.sharma\.m2\repository\org\glassfish\jaxb\txw2\2.3.7\txw2-2.3.7.jar;C:\Users\shubham.sharma\.m2\repository\com\sun\istack\istack-commons-runtime\3.0.12\istack-commons-runtime-3.0.12.jar;C:\Users\shubham.sharma\.m2\repository\com\sun\activation\jakarta.activation\1.2.2\jakarta.activation-1.2.2.jar;C:\Users\shubham.sharma\.m2\repository\org\springframework\data\spring-data-jpa\2.7.6\spring-data-jpa-2.7.6.jar;C:\Users\shubham.sharma\.m2\repository\org\springframework\data\spring-data-commons\2.7.6\spring-data-commons-2.7.6.jar;C:\Users\shubham.sharma\.m2\repository\org\springframework\spring-orm\5.3.24\spring-orm-5.3.24.jar;C:\Users\shubham.sharma\.m2\repository\org\springframework\spring-context\5.3.24\spring-context-5.3.24.jar;C:\Users\shubham.sharma\.m2\repository\org\springframework\spring-tx\5.3.24\spring-tx-5.3.24.jar;C:\Users\shubham.sharma\.m2\repository\org\springframework\spring-beans\5.3.24\spring-beans-5.3.24.jar;C:\Users\shubham.sharma\.m2\repository\org\slf4j\slf4j-api\1.7.36\slf4j-api-1.7.36.jar;C:\Users\shubham.sharma\.m2\repository\org\springframework\spring-aspects\5.3.24\spring-aspects-5.3.24.jar;C:\Users\shubham.sharma\.m2\repository\org\springframework\boot\spring-boot-starter-web\2.7.7\spring-boot-starter-web-2.7.7.jar;C:\Users\shubham.sharma\.m2\repository\org\springframework\boot\spring-boot-starter-json\2.7.7\spring-boot-starter-json-2.7.7.jar;C:\Users\shubham.sharma\.m2\repository\com\fasterxml\jackson\datatype\jackson-datatype-jdk8\2.13.4\jackson-datatype-jdk8-2.13.4.jar;C:\Users\shubham.sharma\.m2\repository\com\fasterxml\jackson\module\jackson-module-parameter-names\2.13.4\jackson-module-parameter-names-2.13.4.jar;C:\Users\shubham.sharma\.m2\repository\org\springframework\spring-web\5.3.24\spring-web-5.3.24.jar;C:\Users\shubham.sharma\.m2\repository\org\springframework\spring-webmvc\5.3.24\spring-webmvc-5.3.24.jar;C:\Users\shubham.sharma\.m2\repository\org\springframework\spring-expression\5.3.24\spring-expression-5.3.24.jar;C:\Users\shubham.sharma\.m2\repository\org\apache\tomcat\embed\tomcat-embed-jasper\9.0.70\tomcat-embed-jasper-9.0.70.jar;C:\Users\shubham.sharma\.m2\repository\org\apache\tomcat\embed\tomcat-embed-core\9.0.70\tomcat-embed-core-9.0.70.jar;C:\Users\shubham.sharma\.m2\repository\org\apache\tomcat\tomcat-annotations-api\9.0.70\tomcat-annotations-api-9.0.70.jar;C:\Users\shubham.sharma\.m2\repository\org\apache\tomcat\embed\tomcat-embed-el\9.0.70\tomcat-embed-el-9.0.70.jar;C:\Users\shubham.sharma\.m2\repository\org\eclipse\jdt\ecj\3.18.0\ecj-3.18.0.jar;C:\Users\shubham.sharma\.m2\repository\org\springframework\boot\spring-boot-starter-validation\2.7.7\spring-boot-starter-validation-2.7.7.jar;C:\Users\shubham.sharma\.m2\repository\org\hibernate\validator\hibernate-validator\6.2.5.Final\hibernate-validator-6.2.5.Final.jar;C:\Users\shubham.sharma\.m2\repository\jakarta\validation\jakarta.validation-api\2.0.2\jakarta.validation-api-2.0.2.jar;C:\Users\shubham.sharma\.m2\repository\jstl\jstl\1.2\jstl-1.2.jar;C:\Users\shubham.sharma\.m2\repository\org\springframework\boot\spring-boot-devtools\2.7.7\spring-boot-devtools-2.7.7.jar;C:\Users\shubham.sharma\.m2\repository\org\springframework\boot\spring-boot\2.7.7\spring-boot-2.7.7.jar;C:\Users\shubham.sharma\.m2\repository\org\springframework\boot\spring-boot-autoconfigure\2.7.7\spring-boot-autoconfigure-2.7.7.jar;C:\Users\shubham.sharma\.m2\repository\com\mysql\mysql-connector-j\8.0.31\mysql-connector-j-8.0.31.jar;C:\Users\shubham.sharma\.m2\repository\org\projectlombok\lombok\1.18.24\lombok-1.18.24.jar;C:\Users\shubham.sharma\.m2\repository\org\springframework\boot\spring-boot-starter-tomcat\2.7.7\spring-boot-starter-tomcat-2.7.7.jar;C:\Users\shubham.sharma\.m2\repository\jakarta\annotation\jakarta.annotation-api\1.3.5\jakarta.annotation-api-1.3.5.jar;C:\Users\shubham.sharma\.m2\repository\org\apache\tomcat\embed\tomcat-embed-websocket\9.0.70\tomcat-embed-websocket-9.0.70.jar;C:\Users\shubham.sharma\.m2\repository\jakarta\xml\bind\jakarta.xml.bind-api\2.3.3\jakarta.xml.bind-api-2.3.3.jar;C:\Users\shubham.sharma\.m2\repository\jakarta\activation\jakarta.activation-api\1.2.2\jakarta.activation-api-1.2.2.jar;C:\Users\shubham.sharma\.m2\repository\org\springframework\spring-core\5.3.24\spring-core-5.3.24.jar;C:\Users\shubham.sharma\.m2\repository\org\springframework\spring-jcl\5.3.24\spring-jcl-5.3.24.jar;C:\Users\shubham.sharma\.m2\repository\org\springframework\boot\spring-boot-starter-security\2.7.7\spring-boot-starter-security-2.7.7.jar;C:\Users\shubham.sharma\.m2\repository\org\springframework\spring-aop\5.3.24\spring-aop-5.3.24.jar;C:\Users\shubham.sharma\.m2\repository\org\springframework\security\spring-security-config\5.7.6\spring-security-config-5.7.6.jar;C:\Users\shubham.sharma\.m2\repository\org\springframework\security\spring-security-web\5.7.6\spring-security-web-5.7.6.jar;C:\Users\shubham.sharma\.m2\repository\org\springframework\security\spring-security-core\5.7.6\spring-security-core-5.7.6.jar;C:\Users\shubham.sharma\.m2\repository\org\springframework\security\spring-security-crypto\5.7.6\spring-security-crypto-5.7.6.jar
Launcher Type: SUN_STANDARD

[Global flags]
     intx CICompilerCount                          = 4                                         {product} {ergonomic}
     uint ConcGCThreads                            = 2                                         {product} {ergonomic}
     uint G1ConcRefinementThreads                  = 8                                         {product} {ergonomic}
   size_t G1HeapRegionSize                         = 2097152                                   {product} {ergonomic}
    uintx GCDrainStackTargetSize                   = 64                                        {product} {ergonomic}
   size_t InitialHeapSize                          = 266338304                                 {product} {ergonomic}
     bool ManagementServer                         = true                                      {product} {command line}
   size_t MarkStackSize                            = 4194304                                   {product} {ergonomic}
   size_t MaxHeapSize                              = 4253024256                                {product} {ergonomic}
   size_t MaxNewSize                               = 2550136832                                {product} {ergonomic}
   size_t MinHeapDeltaBytes                        = 2097152                                   {product} {ergonomic}
   size_t MinHeapSize                              = 8388608                                   {product} {ergonomic}
    uintx NonProfiledCodeHeapSize                  = 0                                      {pd product} {ergonomic}
     bool ProfileInterpreter                       = false                                  {pd product} {command line}
    uintx ProfiledCodeHeapSize                     = 0                                      {pd product} {ergonomic}
     bool ShowCodeDetailsInExceptionMessages       = true                                   {manageable} {command line}
   size_t SoftMaxHeapSize                          = 4253024256                             {manageable} {ergonomic}
     intx TieredStopAtLevel                        = 1                                         {product} {command line}
     bool UseCompressedClassPointers               = true                           {product lp64_product} {ergonomic}
     bool UseCompressedOops                        = true                           {product lp64_product} {ergonomic}
     bool UseG1GC                                  = true                                      {product} {ergonomic}
     bool UseLargePagesIndividualAllocation        = false                                  {pd product} {ergonomic}

Logging:
Log output configuration:
 #0: stdout all=warning uptime,level,tags foldmultilines=false
 #1: stderr all=off uptime,level,tags foldmultilines=false

Environment Variables:
JAVA_HOME=D:\Xstore\jdk-11.0.17
PATH=C:/Program Files/Java/jdk-18.0.2/bin/server;C:/Program Files/Java/jdk-18.0.2/bin;D:\Xstore\jdk-11.0.17\bin;D:\Xstore\ORACLEDB_19C_HOME\WINDOWS.X64_193000_db_home\bin;C:\Program Files\Common Files\Oracle\Java\javapath;C:\Program Files (x86)\VMware\VMware Player\bin\;C:\Windows\system32;C:\Windows;C:\Windows\System32\Wbem;C:\Windows\System32\WindowsPowerShell\v1.0\;C:\Windows\System32\OpenSSH\;C:\Program Files (x86)\Kaspersky Lab\Kaspersky Endpoint Security for Windows\;C:\Program Files (x86)\NVIDIA Corporation\PhysX\Common;C:\Program Files\MySQL\MySQL Shell 8.0\bin\;C:\Users\shubham.sharma\AppData\Local\Microsoft\WindowsApps;;C:\Users\shubham.sharma\AppData\Local\Programs\Microsoft VS Code\bin;C:\Users\shubham.sharma\Desktop;
USERNAME=Shubham.Sharma
OS=Windows_NT
PROCESSOR_IDENTIFIER=Intel64 Family 6 Model 142 Stepping 12, GenuineIntel



---------------  S Y S T E M  ---------------

OS:
 Windows 10 , 64 bit Build 19041 (10.0.19041.3393)
OS uptime: 3 days 16:31 hours

CPU: total 8 (initial active 8) (4 cores per cpu, 2 threads per core) family 6 model 142 stepping 12 microcode 0xf8, cx8, cmov, fxsr, ht, mmx, 3dnowpref, sse, sse2, sse3, ssse3, sse4.1, sse4.2, popcnt, lzcnt, tsc, tscinvbit, avx, avx2, aes, erms, clmul, bmi1, bmi2, adx, fma, vzeroupper, clflush, clflushopt

Memory: 4k page, system-wide physical 16221M (3631M free)
TotalPageFile size 25949M (AvailPageFile size 3942M)
current process WorkingSet (physical memory assigned to process): 260M, peak: 262M
current process commit charge ("private bytes"): 303M, peak: 383M

vm_info: Java HotSpot(TM) 64-Bit Server VM (18.0.2+9-61) for windows-amd64 JRE (18.0.2+9-61), built on Jun  7 2022 13:09:01 by "mach5one" with MS VC++ 16.8 / 16.9 (VS2019)

END.
